{"/Users/pedrojuradopueyo/develop/react/matebil-tuner/hooks/use-color-scheme.ts": {"path":"/Users/pedrojuradopueyo/develop/react/matebil-tuner/hooks/use-color-scheme.ts","statementMap":{},"fnMap":{},"branchMap":{},"s":{},"f":{},"b":{},"inputSourceMap":null}
,"/Users/pedrojuradopueyo/develop/react/matebil-tuner/hooks/use-color-scheme.web.ts": {"path":"/Users/pedrojuradopueyo/develop/react/matebil-tuner/hooks/use-color-scheme.web.ts","statementMap":{"0":{"start":{"line":8,"column":40},"end":{"line":8,"column":55}},"1":{"start":{"line":10,"column":2},"end":{"line":12,"column":9}},"2":{"start":{"line":11,"column":4},"end":{"line":11,"column":25}},"3":{"start":{"line":14,"column":22},"end":{"line":14,"column":40}},"4":{"start":{"line":16,"column":2},"end":{"line":18,"column":3}},"5":{"start":{"line":17,"column":4},"end":{"line":17,"column":23}},"6":{"start":{"line":20,"column":2},"end":{"line":20,"column":17}}},"fnMap":{"0":{"name":"useColorScheme","decl":{"start":{"line":7,"column":16},"end":{"line":7,"column":30}},"loc":{"start":{"line":7,"column":33},"end":{"line":21,"column":1}},"line":7},"1":{"name":"(anonymous_1)","decl":{"start":{"line":10,"column":12},"end":{"line":10,"column":13}},"loc":{"start":{"line":10,"column":18},"end":{"line":12,"column":3}},"line":10}},"branchMap":{"0":{"loc":{"start":{"line":16,"column":2},"end":{"line":18,"column":3}},"type":"if","locations":[{"start":{"line":16,"column":2},"end":{"line":18,"column":3}},{"start":{},"end":{}}],"line":16}},"s":{"0":0,"1":0,"2":0,"3":0,"4":0,"5":0,"6":0},"f":{"0":0,"1":0},"b":{"0":[0,0]},"inputSourceMap":null}
,"/Users/pedrojuradopueyo/develop/react/matebil-tuner/src/components/FrequencyDetector.js": {"path":"/Users/pedrojuradopueyo/develop/react/matebil-tuner/src/components/FrequencyDetector.js","statementMap":{"0":{"start":{"line":20,"column":20},"end":{"line":20,"column":25}},"1":{"start":{"line":21,"column":20},"end":{"line":21,"column":24}},"2":{"start":{"line":22,"column":28},"end":{"line":22,"column":33}},"3":{"start":{"line":23,"column":28},"end":{"line":23,"column":32}},"4":{"start":{"line":24,"column":22},"end":{"line":24,"column":24}},"5":{"start":{"line":25,"column":22},"end":{"line":25,"column":26}},"6":{"start":{"line":26,"column":20},"end":{"line":26,"column":21}},"7":{"start":{"line":27,"column":27},"end":{"line":27,"column":28}},"8":{"start":{"line":28,"column":19},"end":{"line":28,"column":20}},"9":{"start":{"line":29,"column":24},"end":{"line":29,"column":25}},"10":{"start":{"line":30,"column":24},"end":{"line":30,"column":27}},"11":{"start":{"line":31,"column":23},"end":{"line":31,"column":24}},"12":{"start":{"line":37,"column":24},"end":{"line":37,"column":29}},"13":{"start":{"line":38,"column":24},"end":{"line":38,"column":29}},"14":{"start":{"line":39,"column":24},"end":{"line":39,"column":29}},"15":{"start":{"line":40,"column":24},"end":{"line":40,"column":25}},"16":{"start":{"line":41,"column":28},"end":{"line":41,"column":34}},"17":{"start":{"line":42,"column":25},"end":{"line":42,"column":30}},"18":{"start":{"line":43,"column":31},"end":{"line":43,"column":36}},"19":{"start":{"line":56,"column":19},"end":{"line":56,"column":41}},"20":{"start":{"line":57,"column":12},"end":{"line":57,"column":25}},"21":{"start":{"line":58,"column":16},"end":{"line":58,"column":33}},"22":{"start":{"line":59,"column":15},"end":{"line":59,"column":18}},"23":{"start":{"line":60,"column":16},"end":{"line":60,"column":19}},"24":{"start":{"line":61,"column":16},"end":{"line":61,"column":24}},"25":{"start":{"line":62,"column":17},"end":{"line":62,"column":26}},"26":{"start":{"line":64,"column":2},"end":{"line":79,"column":3}},"27":{"start":{"line":64,"column":20},"end":{"line":64,"column":26}},"28":{"start":{"line":65,"column":16},"end":{"line":65,"column":33}},"29":{"start":{"line":66,"column":4},"end":{"line":66,"column":42}},"30":{"start":{"line":66,"column":33},"end":{"line":66,"column":42}},"31":{"start":{"line":67,"column":21},"end":{"line":67,"column":36}},"32":{"start":{"line":68,"column":17},"end":{"line":68,"column":31}},"33":{"start":{"line":69,"column":15},"end":{"line":69,"column":16}},"34":{"start":{"line":70,"column":18},"end":{"line":70,"column":51}},"35":{"start":{"line":71,"column":4},"end":{"line":74,"column":5}},"36":{"start":{"line":71,"column":17},"end":{"line":71,"column":18}},"37":{"start":{"line":72,"column":22},"end":{"line":72,"column":89}},"38":{"start":{"line":73,"column":6},"end":{"line":73,"column":34}},"39":{"start":{"line":75,"column":4},"end":{"line":78,"column":5}},"40":{"start":{"line":76,"column":6},"end":{"line":76,"column":22}},"41":{"start":{"line":77,"column":6},"end":{"line":77,"column":20}},"42":{"start":{"line":80,"column":2},"end":{"line":80,"column":30}},"43":{"start":{"line":96,"column":22},"end":{"line":96,"column":34}},"44":{"start":{"line":97,"column":22},"end":{"line":97,"column":32}},"45":{"start":{"line":98,"column":23},"end":{"line":98,"column":35}},"46":{"start":{"line":99,"column":24},"end":{"line":99,"column":37}},"47":{"start":{"line":100,"column":28},"end":{"line":100,"column":41}},"48":{"start":{"line":101,"column":31},"end":{"line":101,"column":43}},"49":{"start":{"line":102,"column":35},"end":{"line":102,"column":47}},"50":{"start":{"line":103,"column":30},"end":{"line":103,"column":42}},"51":{"start":{"line":104,"column":31},"end":{"line":104,"column":43}},"52":{"start":{"line":105,"column":26},"end":{"line":105,"column":36}},"53":{"start":{"line":106,"column":21},"end":{"line":106,"column":30}},"54":{"start":{"line":107,"column":27},"end":{"line":107,"column":36}},"55":{"start":{"line":108,"column":23},"end":{"line":108,"column":32}},"56":{"start":{"line":109,"column":24},"end":{"line":109,"column":43}},"57":{"start":{"line":110,"column":24},"end":{"line":110,"column":43}},"58":{"start":{"line":111,"column":29},"end":{"line":111,"column":38}},"59":{"start":{"line":114,"column":18},"end":{"line":114,"column":30}},"60":{"start":{"line":115,"column":27},"end":{"line":115,"column":48}},"61":{"start":{"line":116,"column":28},"end":{"line":116,"column":50}},"62":{"start":{"line":117,"column":27},"end":{"line":117,"column":48}},"63":{"start":{"line":118,"column":28},"end":{"line":118,"column":50}},"64":{"start":{"line":121,"column":2},"end":{"line":123,"column":13}},"65":{"start":{"line":122,"column":4},"end":{"line":122,"column":27}},"66":{"start":{"line":125,"column":2},"end":{"line":127,"column":22}},"67":{"start":{"line":126,"column":4},"end":{"line":126,"column":45}},"68":{"start":{"line":129,"column":2},"end":{"line":131,"column":23}},"69":{"start":{"line":130,"column":4},"end":{"line":130,"column":47}},"70":{"start":{"line":133,"column":2},"end":{"line":135,"column":22}},"71":{"start":{"line":134,"column":4},"end":{"line":134,"column":45}},"72":{"start":{"line":137,"column":2},"end":{"line":139,"column":23}},"73":{"start":{"line":138,"column":4},"end":{"line":138,"column":47}},"74":{"start":{"line":142,"column":2},"end":{"line":148,"column":21}},"75":{"start":{"line":143,"column":29},"end":{"line":143,"column":90}},"76":{"start":{"line":144,"column":4},"end":{"line":147,"column":7}},"77":{"start":{"line":151,"column":2},"end":{"line":687,"column":17}},"78":{"start":{"line":152,"column":4},"end":{"line":152,"column":26}},"79":{"start":{"line":152,"column":19},"end":{"line":152,"column":26}},"80":{"start":{"line":155,"column":25},"end":{"line":155,"column":30}},"81":{"start":{"line":156,"column":23},"end":{"line":156,"column":28}},"82":{"start":{"line":158,"column":29},"end":{"line":272,"column":5}},"83":{"start":{"line":159,"column":6},"end":{"line":271,"column":7}},"84":{"start":{"line":161,"column":8},"end":{"line":167,"column":9}},"85":{"start":{"line":162,"column":10},"end":{"line":162,"column":75}},"86":{"start":{"line":162,"column":16},"end":{"line":162,"column":60}},"87":{"start":{"line":163,"column":10},"end":{"line":163,"column":33}},"88":{"start":{"line":166,"column":10},"end":{"line":166,"column":75}},"89":{"start":{"line":166,"column":16},"end":{"line":166,"column":60}},"90":{"start":{"line":173,"column":8},"end":{"line":173,"column":69}},"91":{"start":{"line":173,"column":14},"end":{"line":173,"column":54}},"92":{"start":{"line":175,"column":8},"end":{"line":175,"column":63}},"93":{"start":{"line":175,"column":37},"end":{"line":175,"column":61}},"94":{"start":{"line":177,"column":8},"end":{"line":177,"column":33}},"95":{"start":{"line":177,"column":26},"end":{"line":177,"column":33}},"96":{"start":{"line":179,"column":8},"end":{"line":179,"column":49}},"97":{"start":{"line":180,"column":8},"end":{"line":180,"column":38}},"98":{"start":{"line":181,"column":8},"end":{"line":181,"column":42}},"99":{"start":{"line":182,"column":8},"end":{"line":182,"column":33}},"100":{"start":{"line":183,"column":8},"end":{"line":183,"column":37}},"101":{"start":{"line":184,"column":8},"end":{"line":184,"column":44}},"102":{"start":{"line":185,"column":8},"end":{"line":185,"column":31}},"103":{"start":{"line":186,"column":8},"end":{"line":186,"column":37}},"104":{"start":{"line":187,"column":8},"end":{"line":187,"column":33}},"105":{"start":{"line":188,"column":8},"end":{"line":188,"column":39}},"106":{"start":{"line":190,"column":32},"end":{"line":190,"column":68}},"107":{"start":{"line":191,"column":22},"end":{"line":191,"column":45}},"108":{"start":{"line":192,"column":8},"end":{"line":195,"column":9}},"109":{"start":{"line":193,"column":28},"end":{"line":193,"column":68}},"110":{"start":{"line":194,"column":10},"end":{"line":194,"column":38}},"111":{"start":{"line":196,"column":8},"end":{"line":196,"column":97}},"112":{"start":{"line":197,"column":8},"end":{"line":197,"column":86}},"113":{"start":{"line":197,"column":24},"end":{"line":197,"column":76}},"114":{"start":{"line":197,"column":77},"end":{"line":197,"column":84}},"115":{"start":{"line":198,"column":8},"end":{"line":198,"column":33}},"116":{"start":{"line":198,"column":26},"end":{"line":198,"column":33}},"117":{"start":{"line":200,"column":8},"end":{"line":200,"column":84}},"118":{"start":{"line":201,"column":8},"end":{"line":201,"column":33}},"119":{"start":{"line":201,"column":26},"end":{"line":201,"column":33}},"120":{"start":{"line":207,"column":31},"end":{"line":207,"column":66}},"121":{"start":{"line":208,"column":33},"end":{"line":208,"column":94}},"122":{"start":{"line":209,"column":33},"end":{"line":209,"column":94}},"123":{"start":{"line":210,"column":8},"end":{"line":210,"column":86}},"124":{"start":{"line":211,"column":28},"end":{"line":217,"column":10}},"125":{"start":{"line":218,"column":34},"end":{"line":218,"column":72}},"126":{"start":{"line":219,"column":8},"end":{"line":219,"column":50}},"127":{"start":{"line":220,"column":8},"end":{"line":220,"column":49}},"128":{"start":{"line":221,"column":8},"end":{"line":224,"column":11}},"129":{"start":{"line":225,"column":8},"end":{"line":225,"column":65}},"130":{"start":{"line":226,"column":8},"end":{"line":226,"column":120}},"131":{"start":{"line":228,"column":8},"end":{"line":232,"column":9}},"132":{"start":{"line":230,"column":10},"end":{"line":230,"column":75}},"133":{"start":{"line":230,"column":16},"end":{"line":230,"column":60}},"134":{"start":{"line":231,"column":10},"end":{"line":231,"column":17}},"135":{"start":{"line":234,"column":8},"end":{"line":234,"column":30}},"136":{"start":{"line":236,"column":25},"end":{"line":236,"column":26}},"137":{"start":{"line":237,"column":8},"end":{"line":267,"column":11}},"138":{"start":{"line":238,"column":10},"end":{"line":241,"column":11}},"139":{"start":{"line":239,"column":12},"end":{"line":239,"column":94}},"140":{"start":{"line":239,"column":34},"end":{"line":239,"column":94}},"141":{"start":{"line":240,"column":12},"end":{"line":240,"column":19}},"142":{"start":{"line":242,"column":10},"end":{"line":242,"column":23}},"143":{"start":{"line":243,"column":10},"end":{"line":245,"column":11}},"144":{"start":{"line":244,"column":12},"end":{"line":244,"column":110}},"145":{"start":{"line":246,"column":10},"end":{"line":266,"column":11}},"146":{"start":{"line":247,"column":28},"end":{"line":247,"column":47}},"147":{"start":{"line":248,"column":26},"end":{"line":248,"column":56}},"148":{"start":{"line":249,"column":12},"end":{"line":249,"column":86}},"149":{"start":{"line":249,"column":25},"end":{"line":249,"column":26}},"150":{"start":{"line":249,"column":53},"end":{"line":249,"column":86}},"151":{"start":{"line":250,"column":31},"end":{"line":250,"column":59}},"152":{"start":{"line":251,"column":30},"end":{"line":251,"column":65}},"153":{"start":{"line":252,"column":12},"end":{"line":252,"column":95}},"154":{"start":{"line":252,"column":25},"end":{"line":252,"column":26}},"155":{"start":{"line":252,"column":56},"end":{"line":252,"column":95}},"156":{"start":{"line":254,"column":25},"end":{"line":254,"column":84}},"157":{"start":{"line":255,"column":12},"end":{"line":259,"column":13}},"158":{"start":{"line":255,"column":25},"end":{"line":255,"column":26}},"159":{"start":{"line":256,"column":14},"end":{"line":256,"column":49}},"160":{"start":{"line":257,"column":14},"end":{"line":258,"column":60}},"161":{"start":{"line":257,"column":36},"end":{"line":257,"column":53}},"162":{"start":{"line":258,"column":19},"end":{"line":258,"column":60}},"163":{"start":{"line":258,"column":42},"end":{"line":258,"column":60}},"164":{"start":{"line":260,"column":12},"end":{"line":263,"column":13}},"165":{"start":{"line":261,"column":14},"end":{"line":261,"column":42}},"166":{"start":{"line":262,"column":14},"end":{"line":262,"column":101}},"167":{"start":{"line":265,"column":12},"end":{"line":265,"column":63}},"168":{"start":{"line":270,"column":8},"end":{"line":270,"column":69}},"169":{"start":{"line":274,"column":24},"end":{"line":274,"column":28}},"170":{"start":{"line":275,"column":29},"end":{"line":469,"column":5}},"171":{"start":{"line":276,"column":31},"end":{"line":276,"column":67}},"172":{"start":{"line":278,"column":23},"end":{"line":278,"column":89}},"173":{"start":{"line":279,"column":6},"end":{"line":279,"column":40}},"174":{"start":{"line":280,"column":6},"end":{"line":280,"column":61}},"175":{"start":{"line":281,"column":6},"end":{"line":281,"column":37}},"176":{"start":{"line":283,"column":6},"end":{"line":468,"column":7}},"177":{"start":{"line":287,"column":29},"end":{"line":287,"column":74}},"178":{"start":{"line":288,"column":28},"end":{"line":290,"column":58}},"179":{"start":{"line":293,"column":8},"end":{"line":295,"column":76}},"180":{"start":{"line":297,"column":20},"end":{"line":297,"column":21}},"181":{"start":{"line":298,"column":8},"end":{"line":298,"column":94}},"182":{"start":{"line":298,"column":21},"end":{"line":298,"column":22}},"183":{"start":{"line":298,"column":53},"end":{"line":298,"column":94}},"184":{"start":{"line":299,"column":20},"end":{"line":299,"column":57}},"185":{"start":{"line":300,"column":8},"end":{"line":300,"column":27}},"186":{"start":{"line":302,"column":28},"end":{"line":302,"column":89}},"187":{"start":{"line":303,"column":25},"end":{"line":303,"column":80}},"188":{"start":{"line":304,"column":30},"end":{"line":304,"column":97}},"189":{"start":{"line":307,"column":8},"end":{"line":317,"column":9}},"190":{"start":{"line":308,"column":10},"end":{"line":308,"column":46}},"191":{"start":{"line":309,"column":10},"end":{"line":309,"column":33}},"192":{"start":{"line":310,"column":10},"end":{"line":310,"column":39}},"193":{"start":{"line":311,"column":10},"end":{"line":311,"column":35}},"194":{"start":{"line":312,"column":10},"end":{"line":312,"column":31}},"195":{"start":{"line":313,"column":10},"end":{"line":313,"column":31}},"196":{"start":{"line":314,"column":10},"end":{"line":315,"column":70}},"197":{"start":{"line":316,"column":10},"end":{"line":316,"column":17}},"198":{"start":{"line":323,"column":8},"end":{"line":341,"column":9}},"199":{"start":{"line":324,"column":10},"end":{"line":324,"column":35}},"200":{"start":{"line":327,"column":10},"end":{"line":329,"column":11}},"201":{"start":{"line":328,"column":12},"end":{"line":328,"column":35}},"202":{"start":{"line":330,"column":10},"end":{"line":340,"column":11}},"203":{"start":{"line":331,"column":12},"end":{"line":331,"column":48}},"204":{"start":{"line":332,"column":12},"end":{"line":332,"column":35}},"205":{"start":{"line":333,"column":12},"end":{"line":333,"column":41}},"206":{"start":{"line":334,"column":12},"end":{"line":334,"column":37}},"207":{"start":{"line":335,"column":12},"end":{"line":335,"column":33}},"208":{"start":{"line":336,"column":12},"end":{"line":336,"column":33}},"209":{"start":{"line":337,"column":12},"end":{"line":338,"column":72}},"210":{"start":{"line":339,"column":12},"end":{"line":339,"column":19}},"211":{"start":{"line":346,"column":8},"end":{"line":350,"column":9}},"212":{"start":{"line":347,"column":10},"end":{"line":347,"column":39}},"213":{"start":{"line":348,"column":10},"end":{"line":348,"column":46}},"214":{"start":{"line":349,"column":10},"end":{"line":349,"column":52}},"215":{"start":{"line":352,"column":8},"end":{"line":352,"column":66}},"216":{"start":{"line":354,"column":8},"end":{"line":357,"column":9}},"217":{"start":{"line":355,"column":10},"end":{"line":355,"column":37}},"218":{"start":{"line":356,"column":10},"end":{"line":356,"column":17}},"219":{"start":{"line":360,"column":34},"end":{"line":360,"column":70}},"220":{"start":{"line":361,"column":21},"end":{"line":361,"column":63}},"221":{"start":{"line":362,"column":22},"end":{"line":362,"column":33}},"222":{"start":{"line":362,"column":45},"end":{"line":362,"column":62}},"223":{"start":{"line":363,"column":24},"end":{"line":363,"column":49}},"224":{"start":{"line":364,"column":22},"end":{"line":364,"column":29}},"225":{"start":{"line":364,"column":39},"end":{"line":364,"column":51}},"226":{"start":{"line":364,"column":61},"end":{"line":364,"column":68}},"227":{"start":{"line":365,"column":22},"end":{"line":365,"column":47}},"228":{"start":{"line":365,"column":57},"end":{"line":365,"column":88}},"229":{"start":{"line":366,"column":22},"end":{"line":366,"column":58}},"230":{"start":{"line":367,"column":18},"end":{"line":367,"column":19}},"231":{"start":{"line":367,"column":27},"end":{"line":367,"column":28}},"232":{"start":{"line":367,"column":36},"end":{"line":367,"column":37}},"233":{"start":{"line":367,"column":45},"end":{"line":367,"column":46}},"234":{"start":{"line":368,"column":8},"end":{"line":372,"column":9}},"235":{"start":{"line":368,"column":21},"end":{"line":368,"column":22}},"236":{"start":{"line":369,"column":21},"end":{"line":369,"column":35}},"237":{"start":{"line":370,"column":10},"end":{"line":370,"column":78}},"238":{"start":{"line":371,"column":10},"end":{"line":371,"column":20}},"239":{"start":{"line":371,"column":21},"end":{"line":371,"column":30}},"240":{"start":{"line":371,"column":31},"end":{"line":371,"column":41}},"241":{"start":{"line":371,"column":42},"end":{"line":371,"column":57}},"242":{"start":{"line":373,"column":27},"end":{"line":373,"column":63}},"243":{"start":{"line":374,"column":8},"end":{"line":374,"column":16}},"244":{"start":{"line":374,"column":17},"end":{"line":374,"column":25}},"245":{"start":{"line":374,"column":26},"end":{"line":374,"column":34}},"246":{"start":{"line":374,"column":35},"end":{"line":374,"column":43}},"247":{"start":{"line":375,"column":8},"end":{"line":379,"column":9}},"248":{"start":{"line":375,"column":21},"end":{"line":375,"column":43}},"249":{"start":{"line":376,"column":21},"end":{"line":376,"column":29}},"250":{"start":{"line":377,"column":10},"end":{"line":377,"column":83}},"251":{"start":{"line":378,"column":10},"end":{"line":378,"column":20}},"252":{"start":{"line":378,"column":21},"end":{"line":378,"column":30}},"253":{"start":{"line":378,"column":31},"end":{"line":378,"column":41}},"254":{"start":{"line":378,"column":42},"end":{"line":378,"column":62}},"255":{"start":{"line":382,"column":19},"end":{"line":382,"column":63}},"256":{"start":{"line":383,"column":19},"end":{"line":383,"column":24}},"257":{"start":{"line":383,"column":33},"end":{"line":383,"column":47}},"258":{"start":{"line":384,"column":21},"end":{"line":384,"column":40}},"259":{"start":{"line":385,"column":19},"end":{"line":385,"column":28}},"260":{"start":{"line":385,"column":35},"end":{"line":385,"column":41}},"261":{"start":{"line":385,"column":48},"end":{"line":385,"column":50}},"262":{"start":{"line":386,"column":19},"end":{"line":386,"column":38}},"263":{"start":{"line":386,"column":45},"end":{"line":386,"column":67}},"264":{"start":{"line":387,"column":20},"end":{"line":387,"column":56}},"265":{"start":{"line":388,"column":17},"end":{"line":388,"column":18}},"266":{"start":{"line":388,"column":25},"end":{"line":388,"column":26}},"267":{"start":{"line":388,"column":33},"end":{"line":388,"column":34}},"268":{"start":{"line":388,"column":41},"end":{"line":388,"column":42}},"269":{"start":{"line":389,"column":8},"end":{"line":393,"column":9}},"270":{"start":{"line":389,"column":21},"end":{"line":389,"column":22}},"271":{"start":{"line":390,"column":21},"end":{"line":390,"column":34}},"272":{"start":{"line":391,"column":10},"end":{"line":391,"column":57}},"273":{"start":{"line":392,"column":10},"end":{"line":392,"column":18}},"274":{"start":{"line":392,"column":19},"end":{"line":392,"column":27}},"275":{"start":{"line":392,"column":28},"end":{"line":392,"column":36}},"276":{"start":{"line":392,"column":37},"end":{"line":392,"column":49}},"277":{"start":{"line":394,"column":25},"end":{"line":394,"column":61}},"278":{"start":{"line":395,"column":8},"end":{"line":395,"column":15}},"279":{"start":{"line":395,"column":16},"end":{"line":395,"column":23}},"280":{"start":{"line":395,"column":24},"end":{"line":395,"column":31}},"281":{"start":{"line":395,"column":32},"end":{"line":395,"column":39}},"282":{"start":{"line":396,"column":8},"end":{"line":400,"column":9}},"283":{"start":{"line":396,"column":21},"end":{"line":396,"column":43}},"284":{"start":{"line":397,"column":21},"end":{"line":397,"column":27}},"285":{"start":{"line":398,"column":10},"end":{"line":398,"column":62}},"286":{"start":{"line":399,"column":10},"end":{"line":399,"column":18}},"287":{"start":{"line":399,"column":19},"end":{"line":399,"column":27}},"288":{"start":{"line":399,"column":28},"end":{"line":399,"column":36}},"289":{"start":{"line":399,"column":37},"end":{"line":399,"column":54}},"290":{"start":{"line":403,"column":24},"end":{"line":403,"column":53}},"291":{"start":{"line":406,"column":8},"end":{"line":406,"column":59}},"292":{"start":{"line":406,"column":52},"end":{"line":406,"column":59}},"293":{"start":{"line":411,"column":8},"end":{"line":413,"column":9}},"294":{"start":{"line":412,"column":10},"end":{"line":412,"column":78}},"295":{"start":{"line":415,"column":8},"end":{"line":415,"column":37}},"296":{"start":{"line":416,"column":8},"end":{"line":418,"column":9}},"297":{"start":{"line":417,"column":10},"end":{"line":417,"column":146}},"298":{"start":{"line":421,"column":8},"end":{"line":424,"column":9}},"299":{"start":{"line":422,"column":23},"end":{"line":422,"column":36}},"300":{"start":{"line":423,"column":10},"end":{"line":423,"column":57}},"301":{"start":{"line":423,"column":40},"end":{"line":423,"column":57}},"302":{"start":{"line":427,"column":8},"end":{"line":449,"column":9}},"303":{"start":{"line":428,"column":23},"end":{"line":428,"column":51}},"304":{"start":{"line":429,"column":10},"end":{"line":433,"column":11}},"305":{"start":{"line":431,"column":12},"end":{"line":431,"column":41}},"306":{"start":{"line":432,"column":12},"end":{"line":432,"column":48}},"307":{"start":{"line":434,"column":10},"end":{"line":434,"column":101}},"308":{"start":{"line":437,"column":10},"end":{"line":437,"column":71}},"309":{"start":{"line":437,"column":64},"end":{"line":437,"column":71}},"310":{"start":{"line":439,"column":25},"end":{"line":439,"column":75}},"311":{"start":{"line":439,"column":69},"end":{"line":439,"column":74}},"312":{"start":{"line":440,"column":22},"end":{"line":440,"column":51}},"313":{"start":{"line":441,"column":10},"end":{"line":442,"column":64}},"314":{"start":{"line":445,"column":10},"end":{"line":445,"column":51}},"315":{"start":{"line":447,"column":10},"end":{"line":447,"column":46}},"316":{"start":{"line":448,"column":10},"end":{"line":448,"column":39}},"317":{"start":{"line":451,"column":8},"end":{"line":463,"column":9}},"318":{"start":{"line":452,"column":10},"end":{"line":452,"column":36}},"319":{"start":{"line":453,"column":10},"end":{"line":453,"column":98}},"320":{"start":{"line":453,"column":73},"end":{"line":453,"column":98}},"321":{"start":{"line":454,"column":10},"end":{"line":454,"column":36}},"322":{"start":{"line":456,"column":10},"end":{"line":456,"column":31}},"323":{"start":{"line":457,"column":10},"end":{"line":457,"column":46}},"324":{"start":{"line":458,"column":10},"end":{"line":458,"column":50}},"325":{"start":{"line":459,"column":10},"end":{"line":459,"column":45}},"326":{"start":{"line":460,"column":10},"end":{"line":460,"column":31}},"327":{"start":{"line":461,"column":10},"end":{"line":462,"column":70}},"328":{"start":{"line":465,"column":8},"end":{"line":467,"column":9}},"329":{"start":{"line":466,"column":10},"end":{"line":466,"column":38}},"330":{"start":{"line":471,"column":29},"end":{"line":588,"column":5}},"331":{"start":{"line":473,"column":25},"end":{"line":473,"column":56}},"332":{"start":{"line":476,"column":26},"end":{"line":476,"column":30}},"333":{"start":{"line":478,"column":6},"end":{"line":494,"column":7}},"334":{"start":{"line":480,"column":29},"end":{"line":480,"column":117}},"335":{"start":{"line":480,"column":72},"end":{"line":480,"column":116}},"336":{"start":{"line":481,"column":8},"end":{"line":487,"column":9}},"337":{"start":{"line":482,"column":36},"end":{"line":482,"column":71}},"338":{"start":{"line":483,"column":10},"end":{"line":486,"column":12}},"339":{"start":{"line":488,"column":13},"end":{"line":494,"column":7}},"340":{"start":{"line":490,"column":8},"end":{"line":490,"column":124}},"341":{"start":{"line":493,"column":8},"end":{"line":493,"column":100}},"342":{"start":{"line":496,"column":6},"end":{"line":504,"column":7}},"343":{"start":{"line":497,"column":8},"end":{"line":497,"column":44}},"344":{"start":{"line":498,"column":8},"end":{"line":498,"column":48}},"345":{"start":{"line":499,"column":8},"end":{"line":499,"column":43}},"346":{"start":{"line":501,"column":8},"end":{"line":502,"column":68}},"347":{"start":{"line":503,"column":8},"end":{"line":503,"column":15}},"348":{"start":{"line":506,"column":6},"end":{"line":544,"column":7}},"349":{"start":{"line":511,"column":8},"end":{"line":513,"column":9}},"350":{"start":{"line":512,"column":10},"end":{"line":512,"column":55}},"351":{"start":{"line":514,"column":8},"end":{"line":514,"column":65}},"352":{"start":{"line":516,"column":30},"end":{"line":516,"column":62}},"353":{"start":{"line":517,"column":8},"end":{"line":537,"column":9}},"354":{"start":{"line":518,"column":36},"end":{"line":518,"column":96}},"355":{"start":{"line":519,"column":35},"end":{"line":519,"column":91}},"356":{"start":{"line":520,"column":36},"end":{"line":520,"column":45}},"357":{"start":{"line":523,"column":10},"end":{"line":525,"column":11}},"358":{"start":{"line":524,"column":12},"end":{"line":524,"column":48}},"359":{"start":{"line":528,"column":10},"end":{"line":534,"column":11}},"360":{"start":{"line":529,"column":31},"end":{"line":529,"column":34}},"361":{"start":{"line":530,"column":28},"end":{"line":530,"column":63}},"362":{"start":{"line":531,"column":12},"end":{"line":533,"column":13}},"363":{"start":{"line":532,"column":14},"end":{"line":532,"column":84}},"364":{"start":{"line":536,"column":10},"end":{"line":536,"column":74}},"365":{"start":{"line":540,"column":32},"end":{"line":540,"column":88}},"366":{"start":{"line":541,"column":8},"end":{"line":543,"column":9}},"367":{"start":{"line":542,"column":10},"end":{"line":542,"column":52}},"368":{"start":{"line":546,"column":6},"end":{"line":548,"column":7}},"369":{"start":{"line":547,"column":8},"end":{"line":547,"column":65}},"370":{"start":{"line":549,"column":6},"end":{"line":549,"column":51}},"371":{"start":{"line":552,"column":26},"end":{"line":552,"column":82}},"372":{"start":{"line":553,"column":24},"end":{"line":558,"column":15}},"373":{"start":{"line":559,"column":23},"end":{"line":559,"column":46}},"374":{"start":{"line":560,"column":27},"end":{"line":560,"column":47}},"375":{"start":{"line":562,"column":6},"end":{"line":570,"column":7}},"376":{"start":{"line":563,"column":21},"end":{"line":563,"column":49}},"377":{"start":{"line":564,"column":8},"end":{"line":566,"column":9}},"378":{"start":{"line":565,"column":10},"end":{"line":565,"column":79}},"379":{"start":{"line":567,"column":8},"end":{"line":569,"column":9}},"380":{"start":{"line":568,"column":10},"end":{"line":568,"column":29}},"381":{"start":{"line":571,"column":6},"end":{"line":571,"column":52}},"382":{"start":{"line":575,"column":32},"end":{"line":575,"column":69}},"383":{"start":{"line":576,"column":6},"end":{"line":587,"column":7}},"384":{"start":{"line":577,"column":8},"end":{"line":586,"column":11}},"385":{"start":{"line":591,"column":39},"end":{"line":627,"column":5}},"386":{"start":{"line":592,"column":6},"end":{"line":592,"column":45}},"387":{"start":{"line":592,"column":33},"end":{"line":592,"column":45}},"388":{"start":{"line":595,"column":24},"end":{"line":597,"column":29}},"389":{"start":{"line":599,"column":6},"end":{"line":599,"column":34}},"390":{"start":{"line":599,"column":22},"end":{"line":599,"column":34}},"391":{"start":{"line":601,"column":22},"end":{"line":601,"column":26}},"392":{"start":{"line":602,"column":24},"end":{"line":602,"column":32}},"393":{"start":{"line":604,"column":6},"end":{"line":624,"column":9}},"394":{"start":{"line":605,"column":34},"end":{"line":605,"column":65}},"395":{"start":{"line":607,"column":30},"end":{"line":607,"column":47}},"396":{"start":{"line":608,"column":27},"end":{"line":608,"column":64}},"397":{"start":{"line":609,"column":27},"end":{"line":609,"column":82}},"398":{"start":{"line":610,"column":27},"end":{"line":610,"column":82}},"399":{"start":{"line":613,"column":8},"end":{"line":623,"column":9}},"400":{"start":{"line":614,"column":27},"end":{"line":614,"column":66}},"401":{"start":{"line":616,"column":10},"end":{"line":622,"column":11}},"402":{"start":{"line":617,"column":12},"end":{"line":617,"column":35}},"403":{"start":{"line":618,"column":12},"end":{"line":621,"column":14}},"404":{"start":{"line":626,"column":6},"end":{"line":626,"column":23}},"405":{"start":{"line":630,"column":36},"end":{"line":663,"column":5}},"406":{"start":{"line":631,"column":6},"end":{"line":631,"column":59}},"407":{"start":{"line":631,"column":47},"end":{"line":631,"column":59}},"408":{"start":{"line":634,"column":30},"end":{"line":634,"column":94}},"409":{"start":{"line":634,"column":62},"end":{"line":634,"column":93}},"410":{"start":{"line":636,"column":6},"end":{"line":636,"column":47}},"411":{"start":{"line":636,"column":35},"end":{"line":636,"column":47}},"412":{"start":{"line":638,"column":22},"end":{"line":638,"column":26}},"413":{"start":{"line":639,"column":24},"end":{"line":639,"column":32}},"414":{"start":{"line":641,"column":6},"end":{"line":660,"column":9}},"415":{"start":{"line":642,"column":34},"end":{"line":642,"column":65}},"416":{"start":{"line":644,"column":30},"end":{"line":644,"column":47}},"417":{"start":{"line":645,"column":27},"end":{"line":645,"column":64}},"418":{"start":{"line":646,"column":27},"end":{"line":646,"column":82}},"419":{"start":{"line":647,"column":27},"end":{"line":647,"column":82}},"420":{"start":{"line":649,"column":8},"end":{"line":659,"column":9}},"421":{"start":{"line":650,"column":27},"end":{"line":650,"column":66}},"422":{"start":{"line":652,"column":10},"end":{"line":658,"column":11}},"423":{"start":{"line":653,"column":12},"end":{"line":653,"column":35}},"424":{"start":{"line":654,"column":12},"end":{"line":657,"column":14}},"425":{"start":{"line":662,"column":6},"end":{"line":662,"column":23}},"426":{"start":{"line":665,"column":4},"end":{"line":665,"column":23}},"427":{"start":{"line":668,"column":4},"end":{"line":686,"column":6}},"428":{"start":{"line":669,"column":6},"end":{"line":669,"column":26}},"429":{"start":{"line":670,"column":6},"end":{"line":672,"column":7}},"430":{"start":{"line":671,"column":8},"end":{"line":671,"column":30}},"431":{"start":{"line":673,"column":6},"end":{"line":685,"column":7}},"432":{"start":{"line":674,"column":8},"end":{"line":674,"column":31}},"433":{"start":{"line":675,"column":8},"end":{"line":684,"column":13}},"434":{"start":{"line":679,"column":12},"end":{"line":679,"column":73}},"435":{"start":{"line":679,"column":18},"end":{"line":679,"column":58}},"436":{"start":{"line":683,"column":12},"end":{"line":683,"column":73}},"437":{"start":{"line":683,"column":18},"end":{"line":683,"column":58}},"438":{"start":{"line":689,"column":2},"end":{"line":689,"column":14}}},"fnMap":{"0":{"name":"refineFrequency","decl":{"start":{"line":55,"column":9},"end":{"line":55,"column":24}},"loc":{"start":{"line":55,"column":56},"end":{"line":81,"column":1}},"line":55},"1":{"name":"FrequencyDetector","decl":{"start":{"line":83,"column":24},"end":{"line":83,"column":41}},"loc":{"start":{"line":95,"column":3},"end":{"line":690,"column":1}},"line":95},"2":{"name":"(anonymous_2)","decl":{"start":{"line":90,"column":19},"end":{"line":90,"column":20}},"loc":{"start":{"line":90,"column":25},"end":{"line":90,"column":27}},"line":90},"3":{"name":"(anonymous_3)","decl":{"start":{"line":91,"column":19},"end":{"line":91,"column":20}},"loc":{"start":{"line":91,"column":25},"end":{"line":91,"column":27}},"line":91},"4":{"name":"(anonymous_4)","decl":{"start":{"line":92,"column":18},"end":{"line":92,"column":19}},"loc":{"start":{"line":92,"column":24},"end":{"line":92,"column":26}},"line":92},"5":{"name":"(anonymous_5)","decl":{"start":{"line":121,"column":12},"end":{"line":121,"column":13}},"loc":{"start":{"line":121,"column":18},"end":{"line":123,"column":3}},"line":121},"6":{"name":"(anonymous_6)","decl":{"start":{"line":125,"column":12},"end":{"line":125,"column":13}},"loc":{"start":{"line":125,"column":18},"end":{"line":127,"column":3}},"line":125},"7":{"name":"(anonymous_7)","decl":{"start":{"line":129,"column":12},"end":{"line":129,"column":13}},"loc":{"start":{"line":129,"column":18},"end":{"line":131,"column":3}},"line":129},"8":{"name":"(anonymous_8)","decl":{"start":{"line":133,"column":12},"end":{"line":133,"column":13}},"loc":{"start":{"line":133,"column":18},"end":{"line":135,"column":3}},"line":133},"9":{"name":"(anonymous_9)","decl":{"start":{"line":137,"column":12},"end":{"line":137,"column":13}},"loc":{"start":{"line":137,"column":18},"end":{"line":139,"column":3}},"line":137},"10":{"name":"(anonymous_10)","decl":{"start":{"line":142,"column":12},"end":{"line":142,"column":13}},"loc":{"start":{"line":142,"column":18},"end":{"line":148,"column":3}},"line":142},"11":{"name":"(anonymous_11)","decl":{"start":{"line":151,"column":12},"end":{"line":151,"column":13}},"loc":{"start":{"line":151,"column":18},"end":{"line":687,"column":3}},"line":151},"12":{"name":"(anonymous_12)","decl":{"start":{"line":158,"column":29},"end":{"line":158,"column":30}},"loc":{"start":{"line":158,"column":41},"end":{"line":272,"column":5}},"line":158},"13":{"name":"(anonymous_13)","decl":{"start":{"line":175,"column":26},"end":{"line":175,"column":27}},"loc":{"start":{"line":175,"column":37},"end":{"line":175,"column":61}},"line":175},"14":{"name":"(anonymous_14)","decl":{"start":{"line":237,"column":70},"end":{"line":237,"column":71}},"loc":{"start":{"line":237,"column":81},"end":{"line":267,"column":9}},"line":237},"15":{"name":"(anonymous_15)","decl":{"start":{"line":275,"column":29},"end":{"line":275,"column":30}},"loc":{"start":{"line":275,"column":47},"end":{"line":469,"column":5}},"line":275},"16":{"name":"(anonymous_16)","decl":{"start":{"line":439,"column":59},"end":{"line":439,"column":60}},"loc":{"start":{"line":439,"column":69},"end":{"line":439,"column":74}},"line":439},"17":{"name":"(anonymous_17)","decl":{"start":{"line":471,"column":29},"end":{"line":471,"column":30}},"loc":{"start":{"line":471,"column":44},"end":{"line":588,"column":5}},"line":471},"18":{"name":"(anonymous_18)","decl":{"start":{"line":480,"column":67},"end":{"line":480,"column":68}},"loc":{"start":{"line":480,"column":72},"end":{"line":480,"column":116}},"line":480},"19":{"name":"(anonymous_19)","decl":{"start":{"line":591,"column":39},"end":{"line":591,"column":40}},"loc":{"start":{"line":591,"column":74},"end":{"line":627,"column":5}},"line":591},"20":{"name":"(anonymous_20)","decl":{"start":{"line":604,"column":24},"end":{"line":604,"column":25}},"loc":{"start":{"line":604,"column":38},"end":{"line":624,"column":7}},"line":604},"21":{"name":"(anonymous_21)","decl":{"start":{"line":630,"column":36},"end":{"line":630,"column":37}},"loc":{"start":{"line":630,"column":85},"end":{"line":663,"column":5}},"line":630},"22":{"name":"(anonymous_22)","decl":{"start":{"line":634,"column":57},"end":{"line":634,"column":58}},"loc":{"start":{"line":634,"column":62},"end":{"line":634,"column":93}},"line":634},"23":{"name":"(anonymous_23)","decl":{"start":{"line":641,"column":30},"end":{"line":641,"column":31}},"loc":{"start":{"line":641,"column":44},"end":{"line":660,"column":7}},"line":641},"24":{"name":"(anonymous_24)","decl":{"start":{"line":668,"column":11},"end":{"line":668,"column":12}},"loc":{"start":{"line":668,"column":17},"end":{"line":686,"column":5}},"line":668},"25":{"name":"(anonymous_25)","decl":{"start":{"line":676,"column":16},"end":{"line":676,"column":17}},"loc":{"start":{"line":676,"column":22},"end":{"line":680,"column":11}},"line":676},"26":{"name":"(anonymous_26)","decl":{"start":{"line":681,"column":17},"end":{"line":681,"column":18}},"loc":{"start":{"line":681,"column":23},"end":{"line":684,"column":11}},"line":681}},"branchMap":{"0":{"loc":{"start":{"line":66,"column":4},"end":{"line":66,"column":42}},"type":"if","locations":[{"start":{"line":66,"column":4},"end":{"line":66,"column":42}},{"start":{},"end":{}}],"line":66},"1":{"loc":{"start":{"line":66,"column":8},"end":{"line":66,"column":31}},"type":"binary-expr","locations":[{"start":{"line":66,"column":8},"end":{"line":66,"column":15}},{"start":{"line":66,"column":19},"end":{"line":66,"column":31}}],"line":66},"2":{"loc":{"start":{"line":75,"column":4},"end":{"line":78,"column":5}},"type":"if","locations":[{"start":{"line":75,"column":4},"end":{"line":78,"column":5}},{"start":{},"end":{}}],"line":75},"3":{"loc":{"start":{"line":86,"column":2},"end":{"line":86,"column":18}},"type":"default-arg","locations":[{"start":{"line":86,"column":13},"end":{"line":86,"column":18}}],"line":86},"4":{"loc":{"start":{"line":87,"column":2},"end":{"line":87,"column":15}},"type":"default-arg","locations":[{"start":{"line":87,"column":9},"end":{"line":87,"column":15}}],"line":87},"5":{"loc":{"start":{"line":88,"column":2},"end":{"line":88,"column":26}},"type":"default-arg","locations":[{"start":{"line":88,"column":18},"end":{"line":88,"column":26}}],"line":88},"6":{"loc":{"start":{"line":89,"column":2},"end":{"line":89,"column":23}},"type":"default-arg","locations":[{"start":{"line":89,"column":19},"end":{"line":89,"column":23}}],"line":89},"7":{"loc":{"start":{"line":90,"column":2},"end":{"line":90,"column":27}},"type":"default-arg","locations":[{"start":{"line":90,"column":19},"end":{"line":90,"column":27}}],"line":90},"8":{"loc":{"start":{"line":91,"column":2},"end":{"line":91,"column":27}},"type":"default-arg","locations":[{"start":{"line":91,"column":19},"end":{"line":91,"column":27}}],"line":91},"9":{"loc":{"start":{"line":92,"column":2},"end":{"line":92,"column":26}},"type":"default-arg","locations":[{"start":{"line":92,"column":18},"end":{"line":92,"column":26}}],"line":92},"10":{"loc":{"start":{"line":93,"column":2},"end":{"line":93,"column":22}},"type":"default-arg","locations":[{"start":{"line":93,"column":19},"end":{"line":93,"column":22}}],"line":93},"11":{"loc":{"start":{"line":94,"column":2},"end":{"line":94,"column":21}},"type":"default-arg","locations":[{"start":{"line":94,"column":17},"end":{"line":94,"column":21}}],"line":94},"12":{"loc":{"start":{"line":143,"column":29},"end":{"line":143,"column":90}},"type":"cond-expr","locations":[{"start":{"line":143,"column":57},"end":{"line":143,"column":76}},{"start":{"line":143,"column":79},"end":{"line":143,"column":90}}],"line":143},"13":{"loc":{"start":{"line":152,"column":4},"end":{"line":152,"column":26}},"type":"if","locations":[{"start":{"line":152,"column":4},"end":{"line":152,"column":26}},{"start":{},"end":{}}],"line":152},"14":{"loc":{"start":{"line":161,"column":8},"end":{"line":167,"column":9}},"type":"if","locations":[{"start":{"line":161,"column":8},"end":{"line":167,"column":9}},{"start":{"line":164,"column":15},"end":{"line":167,"column":9}}],"line":161},"15":{"loc":{"start":{"line":177,"column":8},"end":{"line":177,"column":33}},"type":"if","locations":[{"start":{"line":177,"column":8},"end":{"line":177,"column":33}},{"start":{},"end":{}}],"line":177},"16":{"loc":{"start":{"line":192,"column":8},"end":{"line":195,"column":9}},"type":"if","locations":[{"start":{"line":192,"column":8},"end":{"line":195,"column":9}},{"start":{},"end":{}}],"line":192},"17":{"loc":{"start":{"line":192,"column":12},"end":{"line":192,"column":51}},"type":"binary-expr","locations":[{"start":{"line":192,"column":12},"end":{"line":192,"column":20}},{"start":{"line":192,"column":24},"end":{"line":192,"column":51}}],"line":192},"18":{"loc":{"start":{"line":197,"column":8},"end":{"line":197,"column":86}},"type":"if","locations":[{"start":{"line":197,"column":8},"end":{"line":197,"column":86}},{"start":{},"end":{}}],"line":197},"19":{"loc":{"start":{"line":198,"column":8},"end":{"line":198,"column":33}},"type":"if","locations":[{"start":{"line":198,"column":8},"end":{"line":198,"column":33}},{"start":{},"end":{}}],"line":198},"20":{"loc":{"start":{"line":201,"column":8},"end":{"line":201,"column":33}},"type":"if","locations":[{"start":{"line":201,"column":8},"end":{"line":201,"column":33}},{"start":{},"end":{}}],"line":201},"21":{"loc":{"start":{"line":207,"column":31},"end":{"line":207,"column":66}},"type":"cond-expr","locations":[{"start":{"line":207,"column":59},"end":{"line":207,"column":61}},{"start":{"line":207,"column":64},"end":{"line":207,"column":66}}],"line":207},"22":{"loc":{"start":{"line":208,"column":33},"end":{"line":208,"column":94}},"type":"cond-expr","locations":[{"start":{"line":208,"column":61},"end":{"line":208,"column":80}},{"start":{"line":208,"column":83},"end":{"line":208,"column":94}}],"line":208},"23":{"loc":{"start":{"line":209,"column":33},"end":{"line":209,"column":94}},"type":"cond-expr","locations":[{"start":{"line":209,"column":61},"end":{"line":209,"column":80}},{"start":{"line":209,"column":83},"end":{"line":209,"column":94}}],"line":209},"24":{"loc":{"start":{"line":218,"column":34},"end":{"line":218,"column":72}},"type":"binary-expr","locations":[{"start":{"line":218,"column":34},"end":{"line":218,"column":57}},{"start":{"line":218,"column":61},"end":{"line":218,"column":72}}],"line":218},"25":{"loc":{"start":{"line":228,"column":8},"end":{"line":232,"column":9}},"type":"if","locations":[{"start":{"line":228,"column":8},"end":{"line":232,"column":9}},{"start":{},"end":{}}],"line":228},"26":{"loc":{"start":{"line":238,"column":10},"end":{"line":241,"column":11}},"type":"if","locations":[{"start":{"line":238,"column":10},"end":{"line":241,"column":11}},{"start":{},"end":{}}],"line":238},"27":{"loc":{"start":{"line":239,"column":12},"end":{"line":239,"column":94}},"type":"if","locations":[{"start":{"line":239,"column":12},"end":{"line":239,"column":94}},{"start":{},"end":{}}],"line":239},"28":{"loc":{"start":{"line":243,"column":10},"end":{"line":245,"column":11}},"type":"if","locations":[{"start":{"line":243,"column":10},"end":{"line":245,"column":11}},{"start":{},"end":{}}],"line":243},"29":{"loc":{"start":{"line":243,"column":14},"end":{"line":243,"column":55}},"type":"binary-expr","locations":[{"start":{"line":243,"column":14},"end":{"line":243,"column":29}},{"start":{"line":243,"column":33},"end":{"line":243,"column":55}}],"line":243},"30":{"loc":{"start":{"line":254,"column":25},"end":{"line":254,"column":84}},"type":"cond-expr","locations":[{"start":{"line":254,"column":53},"end":{"line":254,"column":71}},{"start":{"line":254,"column":74},"end":{"line":254,"column":84}}],"line":254},"31":{"loc":{"start":{"line":257,"column":14},"end":{"line":258,"column":60}},"type":"if","locations":[{"start":{"line":257,"column":14},"end":{"line":258,"column":60}},{"start":{"line":258,"column":19},"end":{"line":258,"column":60}}],"line":257},"32":{"loc":{"start":{"line":258,"column":19},"end":{"line":258,"column":60}},"type":"if","locations":[{"start":{"line":258,"column":19},"end":{"line":258,"column":60}},{"start":{},"end":{}}],"line":258},"33":{"loc":{"start":{"line":260,"column":12},"end":{"line":263,"column":13}},"type":"if","locations":[{"start":{"line":260,"column":12},"end":{"line":263,"column":13}},{"start":{},"end":{}}],"line":260},"34":{"loc":{"start":{"line":276,"column":31},"end":{"line":276,"column":67}},"type":"binary-expr","locations":[{"start":{"line":276,"column":31},"end":{"line":276,"column":52}},{"start":{"line":276,"column":56},"end":{"line":276,"column":67}}],"line":276},"35":{"loc":{"start":{"line":283,"column":6},"end":{"line":468,"column":7}},"type":"if","locations":[{"start":{"line":283,"column":6},"end":{"line":468,"column":7}},{"start":{},"end":{}}],"line":283},"36":{"loc":{"start":{"line":288,"column":28},"end":{"line":290,"column":58}},"type":"cond-expr","locations":[{"start":{"line":289,"column":12},"end":{"line":289,"column":56}},{"start":{"line":290,"column":12},"end":{"line":290,"column":58}}],"line":288},"37":{"loc":{"start":{"line":293,"column":30},"end":{"line":295,"column":75}},"type":"cond-expr","locations":[{"start":{"line":294,"column":12},"end":{"line":294,"column":31}},{"start":{"line":295,"column":12},"end":{"line":295,"column":75}}],"line":293},"38":{"loc":{"start":{"line":302,"column":28},"end":{"line":302,"column":89}},"type":"cond-expr","locations":[{"start":{"line":302,"column":56},"end":{"line":302,"column":75}},{"start":{"line":302,"column":78},"end":{"line":302,"column":89}}],"line":302},"39":{"loc":{"start":{"line":303,"column":25},"end":{"line":303,"column":80}},"type":"cond-expr","locations":[{"start":{"line":303,"column":53},"end":{"line":303,"column":69}},{"start":{"line":303,"column":72},"end":{"line":303,"column":80}}],"line":303},"40":{"loc":{"start":{"line":304,"column":30},"end":{"line":304,"column":97}},"type":"cond-expr","locations":[{"start":{"line":304,"column":58},"end":{"line":304,"column":80}},{"start":{"line":304,"column":83},"end":{"line":304,"column":97}}],"line":304},"41":{"loc":{"start":{"line":307,"column":8},"end":{"line":317,"column":9}},"type":"if","locations":[{"start":{"line":307,"column":8},"end":{"line":317,"column":9}},{"start":{},"end":{}}],"line":307},"42":{"loc":{"start":{"line":323,"column":8},"end":{"line":341,"column":9}},"type":"if","locations":[{"start":{"line":323,"column":8},"end":{"line":341,"column":9}},{"start":{"line":325,"column":15},"end":{"line":341,"column":9}}],"line":323},"43":{"loc":{"start":{"line":327,"column":10},"end":{"line":329,"column":11}},"type":"if","locations":[{"start":{"line":327,"column":10},"end":{"line":329,"column":11}},{"start":{},"end":{}}],"line":327},"44":{"loc":{"start":{"line":330,"column":10},"end":{"line":340,"column":11}},"type":"if","locations":[{"start":{"line":330,"column":10},"end":{"line":340,"column":11}},{"start":{},"end":{}}],"line":330},"45":{"loc":{"start":{"line":346,"column":8},"end":{"line":350,"column":9}},"type":"if","locations":[{"start":{"line":346,"column":8},"end":{"line":350,"column":9}},{"start":{},"end":{}}],"line":346},"46":{"loc":{"start":{"line":346,"column":12},"end":{"line":346,"column":80}},"type":"binary-expr","locations":[{"start":{"line":346,"column":12},"end":{"line":346,"column":34}},{"start":{"line":346,"column":38},"end":{"line":346,"column":80}}],"line":346},"47":{"loc":{"start":{"line":354,"column":8},"end":{"line":357,"column":9}},"type":"if","locations":[{"start":{"line":354,"column":8},"end":{"line":357,"column":9}},{"start":{},"end":{}}],"line":354},"48":{"loc":{"start":{"line":360,"column":34},"end":{"line":360,"column":70}},"type":"binary-expr","locations":[{"start":{"line":360,"column":34},"end":{"line":360,"column":55}},{"start":{"line":360,"column":59},"end":{"line":360,"column":70}}],"line":360},"49":{"loc":{"start":{"line":406,"column":8},"end":{"line":406,"column":59}},"type":"if","locations":[{"start":{"line":406,"column":8},"end":{"line":406,"column":59}},{"start":{},"end":{}}],"line":406},"50":{"loc":{"start":{"line":406,"column":12},"end":{"line":406,"column":50}},"type":"binary-expr","locations":[{"start":{"line":406,"column":12},"end":{"line":406,"column":21}},{"start":{"line":406,"column":25},"end":{"line":406,"column":50}}],"line":406},"51":{"loc":{"start":{"line":411,"column":8},"end":{"line":413,"column":9}},"type":"if","locations":[{"start":{"line":411,"column":8},"end":{"line":413,"column":9}},{"start":{},"end":{}}],"line":411},"52":{"loc":{"start":{"line":411,"column":12},"end":{"line":411,"column":81}},"type":"binary-expr","locations":[{"start":{"line":411,"column":12},"end":{"line":411,"column":21}},{"start":{"line":411,"column":25},"end":{"line":411,"column":51}},{"start":{"line":411,"column":55},"end":{"line":411,"column":81}}],"line":411},"53":{"loc":{"start":{"line":416,"column":8},"end":{"line":418,"column":9}},"type":"if","locations":[{"start":{"line":416,"column":8},"end":{"line":418,"column":9}},{"start":{},"end":{}}],"line":416},"54":{"loc":{"start":{"line":416,"column":12},"end":{"line":416,"column":116}},"type":"binary-expr","locations":[{"start":{"line":416,"column":12},"end":{"line":416,"column":37}},{"start":{"line":416,"column":42},"end":{"line":416,"column":73}},{"start":{"line":416,"column":77},"end":{"line":416,"column":115}}],"line":416},"55":{"loc":{"start":{"line":417,"column":97},"end":{"line":417,"column":144}},"type":"cond-expr","locations":[{"start":{"line":417,"column":109},"end":{"line":417,"column":137}},{"start":{"line":417,"column":140},"end":{"line":417,"column":144}}],"line":417},"56":{"loc":{"start":{"line":421,"column":8},"end":{"line":424,"column":9}},"type":"if","locations":[{"start":{"line":421,"column":8},"end":{"line":424,"column":9}},{"start":{},"end":{}}],"line":421},"57":{"loc":{"start":{"line":423,"column":10},"end":{"line":423,"column":57}},"type":"if","locations":[{"start":{"line":423,"column":10},"end":{"line":423,"column":57}},{"start":{},"end":{}}],"line":423},"58":{"loc":{"start":{"line":423,"column":14},"end":{"line":423,"column":38}},"type":"binary-expr","locations":[{"start":{"line":423,"column":14},"end":{"line":423,"column":24}},{"start":{"line":423,"column":28},"end":{"line":423,"column":38}}],"line":423},"59":{"loc":{"start":{"line":427,"column":8},"end":{"line":449,"column":9}},"type":"if","locations":[{"start":{"line":427,"column":8},"end":{"line":449,"column":9}},{"start":{"line":446,"column":15},"end":{"line":449,"column":9}}],"line":427},"60":{"loc":{"start":{"line":429,"column":10},"end":{"line":433,"column":11}},"type":"if","locations":[{"start":{"line":429,"column":10},"end":{"line":433,"column":11}},{"start":{},"end":{}}],"line":429},"61":{"loc":{"start":{"line":429,"column":14},"end":{"line":429,"column":71}},"type":"binary-expr","locations":[{"start":{"line":429,"column":14},"end":{"line":429,"column":27}},{"start":{"line":429,"column":31},"end":{"line":429,"column":71}}],"line":429},"62":{"loc":{"start":{"line":437,"column":10},"end":{"line":437,"column":71}},"type":"if","locations":[{"start":{"line":437,"column":10},"end":{"line":437,"column":71}},{"start":{},"end":{}}],"line":437},"63":{"loc":{"start":{"line":441,"column":22},"end":{"line":442,"column":63}},"type":"cond-expr","locations":[{"start":{"line":442,"column":14},"end":{"line":442,"column":49}},{"start":{"line":442,"column":52},"end":{"line":442,"column":63}}],"line":441},"64":{"loc":{"start":{"line":451,"column":8},"end":{"line":463,"column":9}},"type":"if","locations":[{"start":{"line":451,"column":8},"end":{"line":463,"column":9}},{"start":{"line":455,"column":15},"end":{"line":463,"column":9}}],"line":451},"65":{"loc":{"start":{"line":453,"column":10},"end":{"line":453,"column":98}},"type":"if","locations":[{"start":{"line":453,"column":10},"end":{"line":453,"column":98}},{"start":{},"end":{}}],"line":453},"66":{"loc":{"start":{"line":453,"column":14},"end":{"line":453,"column":71}},"type":"binary-expr","locations":[{"start":{"line":453,"column":14},"end":{"line":453,"column":27}},{"start":{"line":453,"column":31},"end":{"line":453,"column":71}}],"line":453},"67":{"loc":{"start":{"line":465,"column":8},"end":{"line":467,"column":9}},"type":"if","locations":[{"start":{"line":465,"column":8},"end":{"line":467,"column":9}},{"start":{},"end":{}}],"line":465},"68":{"loc":{"start":{"line":465,"column":12},"end":{"line":465,"column":81}},"type":"binary-expr","locations":[{"start":{"line":465,"column":12},"end":{"line":465,"column":21}},{"start":{"line":465,"column":25},"end":{"line":465,"column":51}},{"start":{"line":465,"column":55},"end":{"line":465,"column":81}}],"line":465},"69":{"loc":{"start":{"line":478,"column":6},"end":{"line":494,"column":7}},"type":"if","locations":[{"start":{"line":478,"column":6},"end":{"line":494,"column":7}},{"start":{"line":488,"column":13},"end":{"line":494,"column":7}}],"line":478},"70":{"loc":{"start":{"line":478,"column":10},"end":{"line":478,"column":67}},"type":"binary-expr","locations":[{"start":{"line":478,"column":10},"end":{"line":478,"column":38}},{"start":{"line":478,"column":42},"end":{"line":478,"column":67}}],"line":478},"71":{"loc":{"start":{"line":481,"column":8},"end":{"line":487,"column":9}},"type":"if","locations":[{"start":{"line":481,"column":8},"end":{"line":487,"column":9}},{"start":{},"end":{}}],"line":481},"72":{"loc":{"start":{"line":488,"column":13},"end":{"line":494,"column":7}},"type":"if","locations":[{"start":{"line":488,"column":13},"end":{"line":494,"column":7}},{"start":{"line":491,"column":13},"end":{"line":494,"column":7}}],"line":488},"73":{"loc":{"start":{"line":488,"column":17},"end":{"line":488,"column":87}},"type":"binary-expr","locations":[{"start":{"line":488,"column":17},"end":{"line":488,"column":58}},{"start":{"line":488,"column":62},"end":{"line":488,"column":87}}],"line":488},"74":{"loc":{"start":{"line":496,"column":6},"end":{"line":504,"column":7}},"type":"if","locations":[{"start":{"line":496,"column":6},"end":{"line":504,"column":7}},{"start":{},"end":{}}],"line":496},"75":{"loc":{"start":{"line":506,"column":6},"end":{"line":544,"column":7}},"type":"if","locations":[{"start":{"line":506,"column":6},"end":{"line":544,"column":7}},{"start":{},"end":{}}],"line":506},"76":{"loc":{"start":{"line":507,"column":8},"end":{"line":509,"column":44}},"type":"binary-expr","locations":[{"start":{"line":507,"column":8},"end":{"line":507,"column":33}},{"start":{"line":508,"column":8},"end":{"line":508,"column":40}},{"start":{"line":509,"column":8},"end":{"line":509,"column":44}}],"line":507},"77":{"loc":{"start":{"line":511,"column":8},"end":{"line":513,"column":9}},"type":"if","locations":[{"start":{"line":511,"column":8},"end":{"line":513,"column":9}},{"start":{},"end":{}}],"line":511},"78":{"loc":{"start":{"line":517,"column":8},"end":{"line":537,"column":9}},"type":"if","locations":[{"start":{"line":517,"column":8},"end":{"line":537,"column":9}},{"start":{},"end":{}}],"line":517},"79":{"loc":{"start":{"line":517,"column":12},"end":{"line":517,"column":79}},"type":"binary-expr","locations":[{"start":{"line":517,"column":12},"end":{"line":517,"column":45}},{"start":{"line":517,"column":49},"end":{"line":517,"column":79}}],"line":517},"80":{"loc":{"start":{"line":523,"column":10},"end":{"line":525,"column":11}},"type":"if","locations":[{"start":{"line":523,"column":10},"end":{"line":525,"column":11}},{"start":{},"end":{}}],"line":523},"81":{"loc":{"start":{"line":523,"column":14},"end":{"line":523,"column":103}},"type":"binary-expr","locations":[{"start":{"line":523,"column":14},"end":{"line":523,"column":47}},{"start":{"line":523,"column":51},"end":{"line":523,"column":103}}],"line":523},"82":{"loc":{"start":{"line":528,"column":10},"end":{"line":534,"column":11}},"type":"if","locations":[{"start":{"line":528,"column":10},"end":{"line":534,"column":11}},{"start":{},"end":{}}],"line":528},"83":{"loc":{"start":{"line":531,"column":12},"end":{"line":533,"column":13}},"type":"if","locations":[{"start":{"line":531,"column":12},"end":{"line":533,"column":13}},{"start":{},"end":{}}],"line":531},"84":{"loc":{"start":{"line":541,"column":8},"end":{"line":543,"column":9}},"type":"if","locations":[{"start":{"line":541,"column":8},"end":{"line":543,"column":9}},{"start":{},"end":{}}],"line":541},"85":{"loc":{"start":{"line":546,"column":6},"end":{"line":548,"column":7}},"type":"if","locations":[{"start":{"line":546,"column":6},"end":{"line":548,"column":7}},{"start":{},"end":{}}],"line":546},"86":{"loc":{"start":{"line":553,"column":24},"end":{"line":558,"column":15}},"type":"cond-expr","locations":[{"start":{"line":558,"column":10},"end":{"line":558,"column":11}},{"start":{"line":558,"column":14},"end":{"line":558,"column":15}}],"line":553},"87":{"loc":{"start":{"line":554,"column":8},"end":{"line":557,"column":44}},"type":"binary-expr","locations":[{"start":{"line":554,"column":8},"end":{"line":554,"column":33}},{"start":{"line":555,"column":8},"end":{"line":555,"column":45}},{"start":{"line":556,"column":8},"end":{"line":556,"column":40}},{"start":{"line":557,"column":8},"end":{"line":557,"column":44}}],"line":554},"88":{"loc":{"start":{"line":562,"column":6},"end":{"line":570,"column":7}},"type":"if","locations":[{"start":{"line":562,"column":6},"end":{"line":570,"column":7}},{"start":{},"end":{}}],"line":562},"89":{"loc":{"start":{"line":562,"column":10},"end":{"line":562,"column":71}},"type":"binary-expr","locations":[{"start":{"line":562,"column":10},"end":{"line":562,"column":35}},{"start":{"line":562,"column":39},"end":{"line":562,"column":71}}],"line":562},"90":{"loc":{"start":{"line":564,"column":8},"end":{"line":566,"column":9}},"type":"if","locations":[{"start":{"line":564,"column":8},"end":{"line":566,"column":9}},{"start":{},"end":{}}],"line":564},"91":{"loc":{"start":{"line":567,"column":8},"end":{"line":569,"column":9}},"type":"if","locations":[{"start":{"line":567,"column":8},"end":{"line":569,"column":9}},{"start":{},"end":{}}],"line":567},"92":{"loc":{"start":{"line":575,"column":32},"end":{"line":575,"column":69}},"type":"cond-expr","locations":[{"start":{"line":575,"column":60},"end":{"line":575,"column":63}},{"start":{"line":575,"column":66},"end":{"line":575,"column":69}}],"line":575},"93":{"loc":{"start":{"line":576,"column":6},"end":{"line":587,"column":7}},"type":"if","locations":[{"start":{"line":576,"column":6},"end":{"line":587,"column":7}},{"start":{},"end":{}}],"line":576},"94":{"loc":{"start":{"line":576,"column":10},"end":{"line":576,"column":80}},"type":"binary-expr","locations":[{"start":{"line":576,"column":10},"end":{"line":576,"column":38}},{"start":{"line":576,"column":42},"end":{"line":576,"column":80}}],"line":576},"95":{"loc":{"start":{"line":581,"column":22},"end":{"line":581,"column":68}},"type":"binary-expr","locations":[{"start":{"line":581,"column":22},"end":{"line":581,"column":46}},{"start":{"line":581,"column":50},"end":{"line":581,"column":68}}],"line":581},"96":{"loc":{"start":{"line":583,"column":16},"end":{"line":583,"column":39}},"type":"binary-expr","locations":[{"start":{"line":583,"column":16},"end":{"line":583,"column":34}},{"start":{"line":583,"column":38},"end":{"line":583,"column":39}}],"line":583},"97":{"loc":{"start":{"line":592,"column":6},"end":{"line":592,"column":45}},"type":"if","locations":[{"start":{"line":592,"column":6},"end":{"line":592,"column":45}},{"start":{},"end":{}}],"line":592},"98":{"loc":{"start":{"line":592,"column":10},"end":{"line":592,"column":31}},"type":"binary-expr","locations":[{"start":{"line":592,"column":10},"end":{"line":592,"column":20}},{"start":{"line":592,"column":24},"end":{"line":592,"column":31}}],"line":592},"99":{"loc":{"start":{"line":595,"column":24},"end":{"line":597,"column":29}},"type":"cond-expr","locations":[{"start":{"line":596,"column":10},"end":{"line":596,"column":24}},{"start":{"line":597,"column":10},"end":{"line":597,"column":29}}],"line":595},"100":{"loc":{"start":{"line":599,"column":6},"end":{"line":599,"column":34}},"type":"if","locations":[{"start":{"line":599,"column":6},"end":{"line":599,"column":34}},{"start":{},"end":{}}],"line":599},"101":{"loc":{"start":{"line":608,"column":27},"end":{"line":608,"column":64}},"type":"cond-expr","locations":[{"start":{"line":608,"column":55},"end":{"line":608,"column":58}},{"start":{"line":608,"column":61},"end":{"line":608,"column":64}}],"line":608},"102":{"loc":{"start":{"line":613,"column":8},"end":{"line":623,"column":9}},"type":"if","locations":[{"start":{"line":613,"column":8},"end":{"line":623,"column":9}},{"start":{},"end":{}}],"line":613},"103":{"loc":{"start":{"line":613,"column":12},"end":{"line":613,"column":62}},"type":"binary-expr","locations":[{"start":{"line":613,"column":12},"end":{"line":613,"column":35}},{"start":{"line":613,"column":39},"end":{"line":613,"column":62}}],"line":613},"104":{"loc":{"start":{"line":616,"column":10},"end":{"line":622,"column":11}},"type":"if","locations":[{"start":{"line":616,"column":10},"end":{"line":622,"column":11}},{"start":{},"end":{}}],"line":616},"105":{"loc":{"start":{"line":631,"column":6},"end":{"line":631,"column":59}},"type":"if","locations":[{"start":{"line":631,"column":6},"end":{"line":631,"column":59}},{"start":{},"end":{}}],"line":631},"106":{"loc":{"start":{"line":631,"column":10},"end":{"line":631,"column":45}},"type":"binary-expr","locations":[{"start":{"line":631,"column":10},"end":{"line":631,"column":20}},{"start":{"line":631,"column":24},"end":{"line":631,"column":45}}],"line":631},"107":{"loc":{"start":{"line":636,"column":6},"end":{"line":636,"column":47}},"type":"if","locations":[{"start":{"line":636,"column":6},"end":{"line":636,"column":47}},{"start":{},"end":{}}],"line":636},"108":{"loc":{"start":{"line":645,"column":27},"end":{"line":645,"column":64}},"type":"cond-expr","locations":[{"start":{"line":645,"column":55},"end":{"line":645,"column":58}},{"start":{"line":645,"column":61},"end":{"line":645,"column":64}}],"line":645},"109":{"loc":{"start":{"line":649,"column":8},"end":{"line":659,"column":9}},"type":"if","locations":[{"start":{"line":649,"column":8},"end":{"line":659,"column":9}},{"start":{},"end":{}}],"line":649},"110":{"loc":{"start":{"line":649,"column":12},"end":{"line":649,"column":62}},"type":"binary-expr","locations":[{"start":{"line":649,"column":12},"end":{"line":649,"column":35}},{"start":{"line":649,"column":39},"end":{"line":649,"column":62}}],"line":649},"111":{"loc":{"start":{"line":652,"column":10},"end":{"line":658,"column":11}},"type":"if","locations":[{"start":{"line":652,"column":10},"end":{"line":658,"column":11}},{"start":{},"end":{}}],"line":652},"112":{"loc":{"start":{"line":670,"column":6},"end":{"line":672,"column":7}},"type":"if","locations":[{"start":{"line":670,"column":6},"end":{"line":672,"column":7}},{"start":{},"end":{}}],"line":670},"113":{"loc":{"start":{"line":673,"column":6},"end":{"line":685,"column":7}},"type":"if","locations":[{"start":{"line":673,"column":6},"end":{"line":685,"column":7}},{"start":{},"end":{}}],"line":673}},"s":{"0":0,"1":0,"2":0,"3":0,"4":0,"5":0,"6":0,"7":0,"8":0,"9":0,"10":0,"11":0,"12":0,"13":0,"14":0,"15":0,"16":0,"17":0,"18":0,"19":0,"20":0,"21":0,"22":0,"23":0,"24":0,"25":0,"26":0,"27":0,"28":0,"29":0,"30":0,"31":0,"32":0,"33":0,"34":0,"35":0,"36":0,"37":0,"38":0,"39":0,"40":0,"41":0,"42":0,"43":0,"44":0,"45":0,"46":0,"47":0,"48":0,"49":0,"50":0,"51":0,"52":0,"53":0,"54":0,"55":0,"56":0,"57":0,"58":0,"59":0,"60":0,"61":0,"62":0,"63":0,"64":0,"65":0,"66":0,"67":0,"68":0,"69":0,"70":0,"71":0,"72":0,"73":0,"74":0,"75":0,"76":0,"77":0,"78":0,"79":0,"80":0,"81":0,"82":0,"83":0,"84":0,"85":0,"86":0,"87":0,"88":0,"89":0,"90":0,"91":0,"92":0,"93":0,"94":0,"95":0,"96":0,"97":0,"98":0,"99":0,"100":0,"101":0,"102":0,"103":0,"104":0,"105":0,"106":0,"107":0,"108":0,"109":0,"110":0,"111":0,"112":0,"113":0,"114":0,"115":0,"116":0,"117":0,"118":0,"119":0,"120":0,"121":0,"122":0,"123":0,"124":0,"125":0,"126":0,"127":0,"128":0,"129":0,"130":0,"131":0,"132":0,"133":0,"134":0,"135":0,"136":0,"137":0,"138":0,"139":0,"140":0,"141":0,"142":0,"143":0,"144":0,"145":0,"146":0,"147":0,"148":0,"149":0,"150":0,"151":0,"152":0,"153":0,"154":0,"155":0,"156":0,"157":0,"158":0,"159":0,"160":0,"161":0,"162":0,"163":0,"164":0,"165":0,"166":0,"167":0,"168":0,"169":0,"170":0,"171":0,"172":0,"173":0,"174":0,"175":0,"176":0,"177":0,"178":0,"179":0,"180":0,"181":0,"182":0,"183":0,"184":0,"185":0,"186":0,"187":0,"188":0,"189":0,"190":0,"191":0,"192":0,"193":0,"194":0,"195":0,"196":0,"197":0,"198":0,"199":0,"200":0,"201":0,"202":0,"203":0,"204":0,"205":0,"206":0,"207":0,"208":0,"209":0,"210":0,"211":0,"212":0,"213":0,"214":0,"215":0,"216":0,"217":0,"218":0,"219":0,"220":0,"221":0,"222":0,"223":0,"224":0,"225":0,"226":0,"227":0,"228":0,"229":0,"230":0,"231":0,"232":0,"233":0,"234":0,"235":0,"236":0,"237":0,"238":0,"239":0,"240":0,"241":0,"242":0,"243":0,"244":0,"245":0,"246":0,"247":0,"248":0,"249":0,"250":0,"251":0,"252":0,"253":0,"254":0,"255":0,"256":0,"257":0,"258":0,"259":0,"260":0,"261":0,"262":0,"263":0,"264":0,"265":0,"266":0,"267":0,"268":0,"269":0,"270":0,"271":0,"272":0,"273":0,"274":0,"275":0,"276":0,"277":0,"278":0,"279":0,"280":0,"281":0,"282":0,"283":0,"284":0,"285":0,"286":0,"287":0,"288":0,"289":0,"290":0,"291":0,"292":0,"293":0,"294":0,"295":0,"296":0,"297":0,"298":0,"299":0,"300":0,"301":0,"302":0,"303":0,"304":0,"305":0,"306":0,"307":0,"308":0,"309":0,"310":0,"311":0,"312":0,"313":0,"314":0,"315":0,"316":0,"317":0,"318":0,"319":0,"320":0,"321":0,"322":0,"323":0,"324":0,"325":0,"326":0,"327":0,"328":0,"329":0,"330":0,"331":0,"332":0,"333":0,"334":0,"335":0,"336":0,"337":0,"338":0,"339":0,"340":0,"341":0,"342":0,"343":0,"344":0,"345":0,"346":0,"347":0,"348":0,"349":0,"350":0,"351":0,"352":0,"353":0,"354":0,"355":0,"356":0,"357":0,"358":0,"359":0,"360":0,"361":0,"362":0,"363":0,"364":0,"365":0,"366":0,"367":0,"368":0,"369":0,"370":0,"371":0,"372":0,"373":0,"374":0,"375":0,"376":0,"377":0,"378":0,"379":0,"380":0,"381":0,"382":0,"383":0,"384":0,"385":0,"386":0,"387":0,"388":0,"389":0,"390":0,"391":0,"392":0,"393":0,"394":0,"395":0,"396":0,"397":0,"398":0,"399":0,"400":0,"401":0,"402":0,"403":0,"404":0,"405":0,"406":0,"407":0,"408":0,"409":0,"410":0,"411":0,"412":0,"413":0,"414":0,"415":0,"416":0,"417":0,"418":0,"419":0,"420":0,"421":0,"422":0,"423":0,"424":0,"425":0,"426":0,"427":0,"428":0,"429":0,"430":0,"431":0,"432":0,"433":0,"434":0,"435":0,"436":0,"437":0,"438":0},"f":{"0":0,"1":0,"2":0,"3":0,"4":0,"5":0,"6":0,"7":0,"8":0,"9":0,"10":0,"11":0,"12":0,"13":0,"14":0,"15":0,"16":0,"17":0,"18":0,"19":0,"20":0,"21":0,"22":0,"23":0,"24":0,"25":0,"26":0},"b":{"0":[0,0],"1":[0,0],"2":[0,0],"3":[0],"4":[0],"5":[0],"6":[0],"7":[0],"8":[0],"9":[0],"10":[0],"11":[0],"12":[0,0],"13":[0,0],"14":[0,0],"15":[0,0],"16":[0,0],"17":[0,0],"18":[0,0],"19":[0,0],"20":[0,0],"21":[0,0],"22":[0,0],"23":[0,0],"24":[0,0],"25":[0,0],"26":[0,0],"27":[0,0],"28":[0,0],"29":[0,0],"30":[0,0],"31":[0,0],"32":[0,0],"33":[0,0],"34":[0,0],"35":[0,0],"36":[0,0],"37":[0,0],"38":[0,0],"39":[0,0],"40":[0,0],"41":[0,0],"42":[0,0],"43":[0,0],"44":[0,0],"45":[0,0],"46":[0,0],"47":[0,0],"48":[0,0],"49":[0,0],"50":[0,0],"51":[0,0],"52":[0,0,0],"53":[0,0],"54":[0,0,0],"55":[0,0],"56":[0,0],"57":[0,0],"58":[0,0],"59":[0,0],"60":[0,0],"61":[0,0],"62":[0,0],"63":[0,0],"64":[0,0],"65":[0,0],"66":[0,0],"67":[0,0],"68":[0,0,0],"69":[0,0],"70":[0,0],"71":[0,0],"72":[0,0],"73":[0,0],"74":[0,0],"75":[0,0],"76":[0,0,0],"77":[0,0],"78":[0,0],"79":[0,0],"80":[0,0],"81":[0,0],"82":[0,0],"83":[0,0],"84":[0,0],"85":[0,0],"86":[0,0],"87":[0,0,0,0],"88":[0,0],"89":[0,0],"90":[0,0],"91":[0,0],"92":[0,0],"93":[0,0],"94":[0,0],"95":[0,0],"96":[0,0],"97":[0,0],"98":[0,0],"99":[0,0],"100":[0,0],"101":[0,0],"102":[0,0],"103":[0,0],"104":[0,0],"105":[0,0],"106":[0,0],"107":[0,0],"108":[0,0],"109":[0,0],"110":[0,0],"111":[0,0],"112":[0,0],"113":[0,0]}}
,"/Users/pedrojuradopueyo/develop/react/matebil-tuner/src/components/TuningBar.js": {"path":"/Users/pedrojuradopueyo/develop/react/matebil-tuner/src/components/TuningBar.js","statementMap":{"0":{"start":{"line":12,"column":24},"end":{"line":12,"column":26}},"1":{"start":{"line":13,"column":24},"end":{"line":13,"column":26}},"2":{"start":{"line":14,"column":24},"end":{"line":14,"column":26}},"3":{"start":{"line":15,"column":24},"end":{"line":15,"column":27}},"4":{"start":{"line":16,"column":24},"end":{"line":16,"column":27}},"5":{"start":{"line":17,"column":24},"end":{"line":17,"column":27}},"6":{"start":{"line":18,"column":24},"end":{"line":18,"column":29}},"7":{"start":{"line":19,"column":24},"end":{"line":19,"column":27}},"8":{"start":{"line":20,"column":24},"end":{"line":20,"column":26}},"9":{"start":{"line":21,"column":24},"end":{"line":21,"column":26}},"10":{"start":{"line":22,"column":24},"end":{"line":22,"column":26}},"11":{"start":{"line":25,"column":24},"end":{"line":25,"column":25}},"12":{"start":{"line":26,"column":24},"end":{"line":26,"column":25}},"13":{"start":{"line":29,"column":21},"end":{"line":29,"column":58}},"14":{"start":{"line":30,"column":21},"end":{"line":30,"column":33}},"15":{"start":{"line":31,"column":21},"end":{"line":31,"column":31}},"16":{"start":{"line":32,"column":34},"end":{"line":32,"column":49}},"17":{"start":{"line":35,"column":21},"end":{"line":35,"column":70}},"18":{"start":{"line":36,"column":21},"end":{"line":36,"column":89}},"19":{"start":{"line":39,"column":2},"end":{"line":49,"column":27}},"20":{"start":{"line":40,"column":4},"end":{"line":40,"column":75}},"21":{"start":{"line":40,"column":21},"end":{"line":40,"column":45}},"22":{"start":{"line":40,"column":46},"end":{"line":40,"column":65}},"23":{"start":{"line":40,"column":66},"end":{"line":40,"column":73}},"24":{"start":{"line":41,"column":17},"end":{"line":41,"column":76}},"25":{"start":{"line":42,"column":4},"end":{"line":42,"column":30}},"26":{"start":{"line":43,"column":4},"end":{"line":48,"column":5}},"27":{"start":{"line":44,"column":21},"end":{"line":44,"column":58}},"28":{"start":{"line":45,"column":6},"end":{"line":45,"column":44}},"29":{"start":{"line":47,"column":6},"end":{"line":47,"column":25}},"30":{"start":{"line":52,"column":23},"end":{"line":52,"column":63}},"31":{"start":{"line":54,"column":2},"end":{"line":67,"column":21}},"32":{"start":{"line":55,"column":4},"end":{"line":55,"column":82}},"33":{"start":{"line":55,"column":29},"end":{"line":55,"column":54}},"34":{"start":{"line":55,"column":55},"end":{"line":55,"column":80}},"35":{"start":{"line":56,"column":4},"end":{"line":56,"column":26}},"36":{"start":{"line":57,"column":4},"end":{"line":65,"column":5}},"37":{"start":{"line":58,"column":6},"end":{"line":63,"column":8}},"38":{"start":{"line":64,"column":6},"end":{"line":64,"column":32}},"39":{"start":{"line":66,"column":4},"end":{"line":66,"column":70}},"40":{"start":{"line":66,"column":19},"end":{"line":66,"column":67}},"41":{"start":{"line":66,"column":42},"end":{"line":66,"column":67}},"42":{"start":{"line":71,"column":4},"end":{"line":75,"column":5}},"43":{"start":{"line":72,"column":6},"end":{"line":72,"column":48}},"44":{"start":{"line":72,"column":21},"end":{"line":72,"column":48}},"45":{"start":{"line":73,"column":6},"end":{"line":73,"column":42}},"46":{"start":{"line":73,"column":21},"end":{"line":73,"column":42}},"47":{"start":{"line":74,"column":6},"end":{"line":74,"column":28}},"48":{"start":{"line":76,"column":24},"end":{"line":76,"column":36}},"49":{"start":{"line":77,"column":24},"end":{"line":77,"column":63}},"50":{"start":{"line":78,"column":24},"end":{"line":78,"column":81}},"51":{"start":{"line":79,"column":4},"end":{"line":79,"column":38}},"52":{"start":{"line":79,"column":14},"end":{"line":79,"column":38}},"53":{"start":{"line":80,"column":4},"end":{"line":80,"column":51}},"54":{"start":{"line":89,"column":15},"end":{"line":100,"column":4}},"55":{"start":{"line":90,"column":19},"end":{"line":90,"column":40}},"56":{"start":{"line":91,"column":19},"end":{"line":91,"column":36}},"57":{"start":{"line":92,"column":19},"end":{"line":92,"column":42}},"58":{"start":{"line":93,"column":19},"end":{"line":93,"column":87}},"59":{"start":{"line":94,"column":19},"end":{"line":94,"column":39}},"60":{"start":{"line":95,"column":19},"end":{"line":95,"column":37}},"61":{"start":{"line":97,"column":19},"end":{"line":97,"column":55}},"62":{"start":{"line":98,"column":19},"end":{"line":98,"column":55}},"63":{"start":{"line":99,"column":4},"end":{"line":99,"column":44}},"64":{"start":{"line":102,"column":20},"end":{"line":103,"column":65}},"65":{"start":{"line":107,"column":2},"end":{"line":162,"column":4}},"66":{"start":{"line":112,"column":25},"end":{"line":112,"column":37}},"67":{"start":{"line":113,"column":8},"end":{"line":135,"column":10}}},"fnMap":{"0":{"name":"TuningBar","decl":{"start":{"line":28,"column":24},"end":{"line":28,"column":33}},"loc":{"start":{"line":28,"column":116},"end":{"line":163,"column":1}},"line":28},"1":{"name":"(anonymous_1)","decl":{"start":{"line":39,"column":12},"end":{"line":39,"column":13}},"loc":{"start":{"line":39,"column":18},"end":{"line":49,"column":3}},"line":39},"2":{"name":"(anonymous_2)","decl":{"start":{"line":54,"column":12},"end":{"line":54,"column":13}},"loc":{"start":{"line":54,"column":18},"end":{"line":67,"column":3}},"line":54},"3":{"name":"(anonymous_3)","decl":{"start":{"line":66,"column":11},"end":{"line":66,"column":12}},"loc":{"start":{"line":66,"column":17},"end":{"line":66,"column":69}},"line":66},"4":{"name":"barColor","decl":{"start":{"line":70,"column":11},"end":{"line":70,"column":19}},"loc":{"start":{"line":70,"column":25},"end":{"line":81,"column":3}},"line":70},"5":{"name":"(anonymous_5)","decl":{"start":{"line":89,"column":48},"end":{"line":89,"column":49}},"loc":{"start":{"line":89,"column":58},"end":{"line":100,"column":3}},"line":89},"6":{"name":"(anonymous_6)","decl":{"start":{"line":111,"column":16},"end":{"line":111,"column":17}},"loc":{"start":{"line":111,"column":54},"end":{"line":136,"column":7}},"line":111}},"branchMap":{"0":{"loc":{"start":{"line":28,"column":36},"end":{"line":28,"column":48}},"type":"default-arg","locations":[{"start":{"line":28,"column":47},"end":{"line":28,"column":48}}],"line":28},"1":{"loc":{"start":{"line":28,"column":50},"end":{"line":28,"column":66}},"type":"default-arg","locations":[{"start":{"line":28,"column":61},"end":{"line":28,"column":66}}],"line":28},"2":{"loc":{"start":{"line":28,"column":68},"end":{"line":28,"column":83}},"type":"default-arg","locations":[{"start":{"line":28,"column":79},"end":{"line":28,"column":83}}],"line":28},"3":{"loc":{"start":{"line":28,"column":93},"end":{"line":28,"column":112}},"type":"default-arg","locations":[{"start":{"line":28,"column":111},"end":{"line":28,"column":112}}],"line":28},"4":{"loc":{"start":{"line":35,"column":21},"end":{"line":35,"column":70}},"type":"binary-expr","locations":[{"start":{"line":35,"column":21},"end":{"line":35,"column":29}},{"start":{"line":35,"column":33},"end":{"line":35,"column":70}}],"line":35},"5":{"loc":{"start":{"line":36,"column":21},"end":{"line":36,"column":89}},"type":"cond-expr","locations":[{"start":{"line":36,"column":32},"end":{"line":36,"column":33}},{"start":{"line":36,"column":36},"end":{"line":36,"column":89}}],"line":36},"6":{"loc":{"start":{"line":40,"column":4},"end":{"line":40,"column":75}},"type":"if","locations":[{"start":{"line":40,"column":4},"end":{"line":40,"column":75}},{"start":{},"end":{}}],"line":40},"7":{"loc":{"start":{"line":43,"column":4},"end":{"line":48,"column":5}},"type":"if","locations":[{"start":{"line":43,"column":4},"end":{"line":48,"column":5}},{"start":{"line":46,"column":11},"end":{"line":48,"column":5}}],"line":43},"8":{"loc":{"start":{"line":52,"column":23},"end":{"line":52,"column":63}},"type":"binary-expr","locations":[{"start":{"line":52,"column":23},"end":{"line":52,"column":31}},{"start":{"line":52,"column":35},"end":{"line":52,"column":50}},{"start":{"line":52,"column":54},"end":{"line":52,"column":63}}],"line":52},"9":{"loc":{"start":{"line":55,"column":4},"end":{"line":55,"column":82}},"type":"if","locations":[{"start":{"line":55,"column":4},"end":{"line":55,"column":82}},{"start":{},"end":{}}],"line":55},"10":{"loc":{"start":{"line":57,"column":4},"end":{"line":65,"column":5}},"type":"if","locations":[{"start":{"line":57,"column":4},"end":{"line":65,"column":5}},{"start":{},"end":{}}],"line":57},"11":{"loc":{"start":{"line":66,"column":19},"end":{"line":66,"column":67}},"type":"if","locations":[{"start":{"line":66,"column":19},"end":{"line":66,"column":67}},{"start":{},"end":{}}],"line":66},"12":{"loc":{"start":{"line":71,"column":4},"end":{"line":75,"column":5}},"type":"if","locations":[{"start":{"line":71,"column":4},"end":{"line":75,"column":5}},{"start":{},"end":{}}],"line":71},"13":{"loc":{"start":{"line":72,"column":6},"end":{"line":72,"column":48}},"type":"if","locations":[{"start":{"line":72,"column":6},"end":{"line":72,"column":48}},{"start":{},"end":{}}],"line":72},"14":{"loc":{"start":{"line":73,"column":6},"end":{"line":73,"column":42}},"type":"if","locations":[{"start":{"line":73,"column":6},"end":{"line":73,"column":42}},{"start":{},"end":{}}],"line":73},"15":{"loc":{"start":{"line":77,"column":24},"end":{"line":77,"column":63}},"type":"cond-expr","locations":[{"start":{"line":77,"column":40},"end":{"line":77,"column":50}},{"start":{"line":77,"column":53},"end":{"line":77,"column":63}}],"line":77},"16":{"loc":{"start":{"line":78,"column":24},"end":{"line":78,"column":81}},"type":"binary-expr","locations":[{"start":{"line":78,"column":24},"end":{"line":78,"column":32}},{"start":{"line":78,"column":36},"end":{"line":78,"column":47}},{"start":{"line":78,"column":51},"end":{"line":78,"column":81}}],"line":78},"17":{"loc":{"start":{"line":79,"column":4},"end":{"line":79,"column":38}},"type":"if","locations":[{"start":{"line":79,"column":4},"end":{"line":79,"column":38}},{"start":{},"end":{}}],"line":79},"18":{"loc":{"start":{"line":80,"column":11},"end":{"line":80,"column":50}},"type":"cond-expr","locations":[{"start":{"line":80,"column":24},"end":{"line":80,"column":35}},{"start":{"line":80,"column":38},"end":{"line":80,"column":50}}],"line":80},"19":{"loc":{"start":{"line":94,"column":19},"end":{"line":94,"column":39}},"type":"cond-expr","locations":[{"start":{"line":94,"column":34},"end":{"line":94,"column":35}},{"start":{"line":94,"column":38},"end":{"line":94,"column":39}}],"line":94},"20":{"loc":{"start":{"line":102,"column":20},"end":{"line":103,"column":65}},"type":"cond-expr","locations":[{"start":{"line":102,"column":57},"end":{"line":102,"column":70}},{"start":{"line":103,"column":20},"end":{"line":103,"column":65}}],"line":102},"21":{"loc":{"start":{"line":102,"column":21},"end":{"line":102,"column":53}},"type":"binary-expr","locations":[{"start":{"line":102,"column":21},"end":{"line":102,"column":29}},{"start":{"line":102,"column":33},"end":{"line":102,"column":41}},{"start":{"line":102,"column":45},"end":{"line":102,"column":53}}],"
[...]
column":11}},"105":{"start":{"line":325,"column":8},"end":{"line":325,"column":40}},"106":{"start":{"line":327,"column":6},"end":{"line":327,"column":13}},"107":{"start":{"line":330,"column":4},"end":{"line":333,"column":7}},"108":{"start":{"line":336,"column":2},"end":{"line":336,"column":16}}},"fnMap":{"0":{"name":"noteDisplay","decl":{"start":{"line":16,"column":9},"end":{"line":16,"column":20}},"loc":{"start":{"line":16,"column":39},"end":{"line":20,"column":1}},"line":16},"1":{"name":"getParentRootIdx","decl":{"start":{"line":24,"column":9},"end":{"line":24,"column":25}},"loc":{"start":{"line":24,"column":45},"end":{"line":27,"column":1}},"line":24},"2":{"name":"getRootNoteDisplay","decl":{"start":{"line":32,"column":16},"end":{"line":32,"column":34}},"loc":{"start":{"line":32,"column":54},"end":{"line":36,"column":1}},"line":32},"3":{"name":"getScaleNotes","decl":{"start":{"line":121,"column":16},"end":{"line":121,"column":29}},"loc":{"start":{"line":121,"column":49},"end":{"line":125,"column":1}},"line":121},"4":{"name":"(anonymous_4)","decl":{"start":{"line":124,"column":28},"end":{"line":124,"column":29}},"loc":{"start":{"line":124,"column":40},"end":{"line":124,"column":65}},"line":124},"5":{"name":"getScaleNoteNames","decl":{"start":{"line":131,"column":16},"end":{"line":131,"column":33}},"loc":{"start":{"line":131,"column":53},"end":{"line":134,"column":1}},"line":131},"6":{"name":"(anonymous_6)","decl":{"start":{"line":133,"column":46},"end":{"line":133,"column":47}},"loc":{"start":{"line":133,"column":53},"end":{"line":133,"column":84}},"line":133},"7":{"name":"getThreeNotesPerString","decl":{"start":{"line":165,"column":16},"end":{"line":165,"column":38}},"loc":{"start":{"line":165,"column":58},"end":{"line":218,"column":1}},"line":165},"8":{"name":"(anonymous_8)","decl":{"start":{"line":169,"column":46},"end":{"line":169,"column":47}},"loc":{"start":{"line":169,"column":51},"end":{"line":169,"column":69}},"line":169},"9":{"name":"getDiatonicChords","decl":{"start":{"line":231,"column":16},"end":{"line":231,"column":33}},"loc":{"start":{"line":231,"column":53},"end":{"line":275,"column":1}},"line":231},"10":{"name":"(anonymous_10)","decl":{"start":{"line":238,"column":23},"end":{"line":238,"column":24}},"loc":{"start":{"line":238,"column":33},"end":{"line":274,"column":3}},"line":238},"11":{"name":"getPentatonicNoteNames","decl":{"start":{"line":283,"column":16},"end":{"line":283,"column":38}},"loc":{"start":{"line":283,"column":85},"end":{"line":286,"column":1}},"line":283},"12":{"name":"(anonymous_12)","decl":{"start":{"line":285,"column":23},"end":{"line":285,"column":24}},"loc":{"start":{"line":285,"column":28},"end":{"line":285,"column":80}},"line":285},"13":{"name":"getPentatonicPattern","decl":{"start":{"line":294,"column":16},"end":{"line":294,"column":36}},"loc":{"start":{"line":294,"column":83},"end":{"line":337,"column":1}},"line":294},"14":{"name":"(anonymous_14)","decl":{"start":{"line":296,"column":40},"end":{"line":296,"column":41}},"loc":{"start":{"line":296,"column":45},"end":{"line":296,"column":68}},"line":296}},"branchMap":{"0":{"loc":{"start":{"line":17,"column":9},"end":{"line":19,"column":33}},"type":"cond-expr","locations":[{"start":{"line":18,"column":6},"end":{"line":18,"column":32}},{"start":{"line":19,"column":6},"end":{"line":19,"column":33}}],"line":17},"1":{"loc":{"start":{"line":178,"column":4},"end":{"line":181,"column":5}},"type":"if","locations":[{"start":{"line":178,"column":4},"end":{"line":181,"column":5}},{"start":{},"end":{}}],"line":178},"2":{"loc":{"start":{"line":196,"column":11},"end":{"line":196,"column":59}},"type":"binary-expr","locations":[{"start":{"line":196,"column":11},"end":{"line":196,"column":33}},{"start":{"line":196,"column":37},"end":{"line":196,"column":59}}],"line":196},"3":{"loc":{"start":{"line":198,"column":6},"end":{"line":207,"column":7}},"type":"if","locations":[{"start":{"line":198,"column":6},"end":{"line":207,"column":7}},{"start":{},"end":{}}],"line":198},"4":{"loc":{"start":{"line":246,"column":4},"end":{"line":254,"column":5}},"type":"if","locations":[{"start":{"line":246,"column":4},"end":{"line":254,"column":5}},{"start":{"line":248,"column":11},"end":{"line":254,"column":5}}],"line":246},"5":{"loc":{"start":{"line":246,"column":8},"end":{"line":246,"column":50}},"type":"binary-expr","locations":[{"start":{"line":246,"column":8},"end":{"line":246,"column":27}},{"start":{"line":246,"column":31},"end":{"line":246,"column":50}}],"line":246},"6":{"loc":{"start":{"line":248,"column":11},"end":{"line":254,"column":5}},"type":"if","locations":[{"start":{"line":248,"column":11},"end":{"line":254,"column":5}},{"start":{"line":250,"column":11},"end":{"line":254,"column":5}}],"line":248},"7":{"loc":{"start":{"line":248,"column":15},"end":{"line":248,"column":57}},"type":"binary-expr","locations":[{"start":{"line":248,"column":15},"end":{"line":248,"column":34}},{"start":{"line":248,"column":38},"end":{"line":248,"column":57}}],"line":248},"8":{"loc":{"start":{"line":250,"column":11},"end":{"line":254,"column":5}},"type":"if","locations":[{"start":{"line":250,"column":11},"end":{"line":254,"column":5}},{"start":{"line":252,"column":11},"end":{"line":254,"column":5}}],"line":250},"9":{"loc":{"start":{"line":250,"column":15},"end":{"line":250,"column":57}},"type":"binary-expr","locations":[{"start":{"line":250,"column":15},"end":{"line":250,"column":34}},{"start":{"line":250,"column":38},"end":{"line":250,"column":57}}],"line":250},"10":{"loc":{"start":{"line":256,"column":18},"end":{"line":258,"column":57}},"type":"cond-expr","locations":[{"start":{"line":257,"column":8},"end":{"line":257,"column":71}},{"start":{"line":258,"column":8},"end":{"line":258,"column":57}}],"line":256},"11":{"loc":{"start":{"line":256,"column":19},"end":{"line":256,"column":59}},"type":"binary-expr","locations":[{"start":{"line":256,"column":19},"end":{"line":256,"column":38}},{"start":{"line":256,"column":42},"end":{"line":256,"column":59}}],"line":256},"12":{"loc":{"start":{"line":257,"column":42},"end":{"line":257,"column":70}},"type":"cond-expr","locations":[{"start":{"line":257,"column":62},"end":{"line":257,"column":65}},{"start":{"line":257,"column":68},"end":{"line":257,"column":70}}],"line":257},"13":{"loc":{"start":{"line":258,"column":28},"end":{"line":258,"column":56}},"type":"cond-expr","locations":[{"start":{"line":258,"column":48},"end":{"line":258,"column":51}},{"start":{"line":258,"column":54},"end":{"line":258,"column":56}}],"line":258},"14":{"loc":{"start":{"line":261,"column":22},"end":{"line":261,"column":64}},"type":"cond-expr","locations":[{"start":{"line":261,"column":51},"end":{"line":261,"column":56}},{"start":{"line":261,"column":59},"end":{"line":261,"column":64}}],"line":261},"15":{"loc":{"start":{"line":300,"column":4},"end":{"line":303,"column":5}},"type":"if","locations":[{"start":{"line":300,"column":4},"end":{"line":303,"column":5}},{"start":{},"end":{}}],"line":300},"16":{"loc":{"start":{"line":315,"column":11},"end":{"line":315,"column":59}},"type":"binary-expr","locations":[{"start":{"line":315,"column":11},"end":{"line":315,"column":33}},{"start":{"line":315,"column":37},"end":{"line":315,"column":59}}],"line":315},"17":{"loc":{"start":{"line":317,"column":6},"end":{"line":326,"column":7}},"type":"if","locations":[{"start":{"line":317,"column":6},"end":{"line":326,"column":7}},{"start":{},"end":{}}],"line":317}},"s":{"0":0,"1":0,"2":0,"3":0,"4":0,"5":0,"6":0,"7":0,"8":0,"9":0,"10":0,"11":0,"12":0,"13":0,"14":0,"15":0,"16":0,"17":0,"18":0,"19":0,"20":0,"21":0,"22":0,"23":0,"24":0,"25":0,"26":0,"27":0,"28":0,"29":0,"30":0,"31":0,"32":0,"33":0,"34":0,"35":0,"36":0,"37":0,"38":0,"39":0,"40":0,"41":0,"42":0,"43":0,"44":0,"45":0,"46":0,"47":0,"48":0,"49":0,"50":0,"51":0,"52":0,"53":0,"54":0,"55":0,"56":0,"57":0,"58":0,"59":0,"60":0,"61":0,"62":0,"63":0,"64":0,"65":0,"66":0,"67":0,"68":0,"69":0,"70":0,"71":0,"72":0,"73":0,"74":0,"75":0,"76":0,"77":0,"78":0,"79":0,"80":0,"81":0,"82":0,"83":0,"84":0,"85":0,"86":0,"87":0,"88":0,"89":0,"90":0,"91":0,"92":0,"93":0,"94":0,"95":0,"96":0,"97":0,"98":0,"99":0,"100":0,"101":0,"102":0,"103":0,"104":0,"105":0,"106":0,"107":0,"108":0},"f":{"0":0,"1":0,"2":0,"3":0,"4":0,"5":0,"6":0,"7":0,"8":0,"9":0,"10":0,"11":0,"12":0,"13":0,"14":0},"b":{"0":[0,0],"1":[0,0],"2":[0,0],"3":[0,0],"4":[0,0],"5":[0,0],"6":[0,0],"7":[0,0],"8":[0,0],"9":[0,0],"10":[0,0],"11":[0,0],"12":[0,0],"13":[0,0],"14":[0,0],"15":[0,0],"16":[0,0],"17":[0,0]}}
,"/Users/pedrojuradopueyo/develop/react/matebil-tuner/src/constants/tunings.js": {"path":"/Users/pedrojuradopueyo/develop/react/matebil-tuner/src/constants/tunings.js","statementMap":{"0":{"start":{"line":2,"column":19},"end":{"line":2,"column":84}},"1":{"start":{"line":11,"column":20},"end":{"line":11,"column":22}},"2":{"start":{"line":12,"column":24},"end":{"line":12,"column":41}},"3":{"start":{"line":14,"column":2},"end":{"line":30,"column":3}},"4":{"start":{"line":14,"column":18},"end":{"line":14,"column":19}},"5":{"start":{"line":15,"column":22},"end":{"line":15,"column":74}},"6":{"start":{"line":18,"column":22},"end":{"line":18,"column":71}},"7":{"start":{"line":19,"column":21},"end":{"line":19,"column":42}},"8":{"start":{"line":21,"column":4},"end":{"line":29,"column":7}},"9":{"start":{"line":32,"column":2},"end":{"line":32,"column":19}},"10":{"start":{"line":42,"column":23},"end":{"line":42,"column":25}},"11":{"start":{"line":44,"column":2},"end":{"line":47,"column":5}},"12":{"start":{"line":45,"column":26},"end":{"line":45,"column":59}},"13":{"start":{"line":46,"column":4},"end":{"line":46,"column":40}},"14":{"start":{"line":49,"column":2},"end":{"line":54,"column":4}},"15":{"start":{"line":58,"column":22},"end":{"line":65,"column":1}},"16":{"start":{"line":67,"column":20},"end":{"line":74,"column":1}},"17":{"start":{"line":76,"column":28},"end":{"line":83,"column":1}},"18":{"start":{"line":85,"column":20},"end":{"line":92,"column":1}},"19":{"start":{"line":94,"column":23},"end":{"line":99,"column":1}},"20":{"start":{"line":102,"column":30},"end":{"line":102,"column":40}}},"fnMap":{"0":{"name":"generateFretPositions","decl":{"start":{"line":10,"column":9},"end":{"line":10,"column":30}},"loc":{"start":{"line":10,"column":57},"end":{"line":33,"column":1}},"line":10},"1":{"name":"generateTuning","decl":{"start":{"line":41,"column":9},"end":{"line":41,"column":23}},"loc":{"start":{"line":41,"column":43},"end":{"line":55,"column":1}},"line":41},"2":{"name":"(anonymous_2)","decl":{"start":{"line":44,"column":22},"end":{"line":44,"column":23}},"loc":{"start":{"line":44,"column":36},"end":{"line":47,"column":3}},"line":44}},"branchMap":{"0":{"loc":{"start":{"line":10,"column":43},"end":{"line":10,"column":55}},"type":"default-arg","locations":[{"start":{"line":10,"column":53},"end":{"line":10,"column":55}}],"line":10},"1":{"loc":{"start":{"line":23,"column":26},"end":{"line":23,"column":61}},"type":"cond-expr","locations":[{"start":{"line":23,"column":39},"end":{"line":23,"column":41}},{"start":{"line":23,"column":44},"end":{"line":23,"column":61}}],"line":23},"2":{"loc":{"start":{"line":28,"column":19},"end":{"line":28,"column":82}},"type":"cond-expr","locations":[{"start":{"line":28,"column":32},"end":{"line":28,"column":47}},{"start":{"line":28,"column":50},"end":{"line":28,"column":82}}],"line":28}},"s":{"0":0,"1":0,"2":0,"3":0,"4":0,"5":0,"6":0,"7":0,"8":0,"9":0,"10":0,"11":0,"12":0,"13":0,"14":0,"15":0,"16":0,"17":0,"18":0,"19":0,"20":0},"f":{"0":0,"1":0,"2":0},"b":{"0":[0],"1":[0,0],"2":[0,0]}}
,"/Users/pedrojuradopueyo/develop/react/matebil-tuner/src/utils/audioUtils.js": {"path":"/Users/pedrojuradopueyo/develop/react/matebil-tuner/src/utils/audioUtils.js","statementMap":{"0":{"start":{"line":8,"column":2},"end":{"line":8,"column":55}},"1":{"start":{"line":8,"column":43},"end":{"line":8,"column":55}},"2":{"start":{"line":10,"column":18},"end":{"line":10,"column":22}},"3":{"start":{"line":11,"column":20},"end":{"line":11,"column":28}},"4":{"start":{"line":14,"column":2},"end":{"line":33,"column":5}},"5":{"start":{"line":16,"column":26},"end":{"line":16,"column":43}},"6":{"start":{"line":17,"column":23},"end":{"line":17,"column":26}},"7":{"start":{"line":18,"column":23},"end":{"line":18,"column":79}},"8":{"start":{"line":19,"column":23},"end":{"line":19,"column":79}},"9":{"start":{"line":22,"column":4},"end":{"line":32,"column":5}},"10":{"start":{"line":23,"column":23},"end":{"line":23,"column":63}},"11":{"start":{"line":25,"column":6},"end":{"line":31,"column":7}},"12":{"start":{"line":26,"column":8},"end":{"line":26,"column":31}},"13":{"start":{"line":27,"column":8},"end":{"line":30,"column":10}},"14":{"start":{"line":35,"column":2},"end":{"line":35,"column":19}},"15":{"start":{"line":45,"column":2},"end":{"line":45,"column":37}},"16":{"start":{"line":45,"column":28},"end":{"line":45,"column":37}},"17":{"start":{"line":48,"column":2},"end":{"line":48,"column":45}},"18":{"start":{"line":57,"column":23},"end":{"line":57,"column":55}},"19":{"start":{"line":58,"column":2},"end":{"line":60,"column":3}},"20":{"start":{"line":58,"column":15},"end":{"line":58,"column":16}},"21":{"start":{"line":59,"column":4},"end":{"line":59,"column":43}},"22":{"start":{"line":61,"column":2},"end":{"line":61,"column":22}},"23":{"start":{"line":70,"column":14},"end":{"line":70,"column":32}},"24":{"start":{"line":71,"column":2},"end":{"line":71,"column":32}},"25":{"start":{"line":71,"column":15},"end":{"line":71,"column":32}},"26":{"start":{"line":72,"column":2},"end":{"line":72,"column":33}},"27":{"start":{"line":72,"column":16},"end":{"line":72,"column":33}},"28":{"start":{"line":73,"column":2},"end":{"line":73,"column":19}},"29":{"start":{"line":82,"column":14},"end":{"line":82,"column":32}},"30":{"start":{"line":84,"column":2},"end":{"line":84,"column":34}},"31":{"start":{"line":84,"column":15},"end":{"line":84,"column":34}},"32":{"start":{"line":85,"column":2},"end":{"line":85,"column":58}},"33":{"start":{"line":85,"column":20},"end":{"line":85,"column":58}},"34":{"start":{"line":86,"column":2},"end":{"line":86,"column":46}}},"fnMap":{"0":{"name":"findClosestString","decl":{"start":{"line":7,"column":16},"end":{"line":7,"column":33}},"loc":{"start":{"line":7,"column":53},"end":{"line":36,"column":1}},"line":7},"1":{"name":"(anonymous_1)","decl":{"start":{"line":14,"column":30},"end":{"line":14,"column":31}},"loc":{"start":{"line":14,"column":44},"end":{"line":33,"column":3}},"line":14},"2":{"name":"calculateCents","decl":{"start":{"line":44,"column":16},"end":{"line":44,"column":30}},"loc":{"start":{"line":44,"column":49},"end":{"line":49,"column":1}},"line":44},"3":{"name":"int16ToFloat32","decl":{"start":{"line":56,"column":16},"end":{"line":56,"column":30}},"loc":{"start":{"line":56,"column":40},"end":{"line":62,"column":1}},"line":56},"4":{"name":"getStatusColor","decl":{"start":{"line":69,"column":16},"end":{"line":69,"column":30}},"loc":{"start":{"line":69,"column":41},"end":{"line":74,"column":1}},"line":69},"5":{"name":"getStatusText","decl":{"start":{"line":81,"column":16},"end":{"line":81,"column":29}},"loc":{"start":{"line":81,"column":40},"end":{"line":87,"column":1}},"line":81}},"branchMap":{"0":{"loc":{"start":{"line":8,"column":2},"end":{"line":8,"column":55}},"type":"if","locations":[{"start":{"line":8,"column":2},"end":{"line":8,"column":55}},{"start":{},"end":{}}],"line":8},"1":{"loc":{"start":{"line":8,"column":6},"end":{"line":8,"column":41}},"type":"binary-expr","locations":[{"start":{"line":8,"column":6},"end":{"line":8,"column":16}},{"start":{"line":8,"column":20},"end":{"line":8,"column":41}}],"line":8},"2":{"loc":{"start":{"line":22,"column":4},"end":{"line":32,"column":5}},"type":"if","locations":[{"start":{"line":22,"column":4},"end":{"line":32,"column":5}},{"start":{},"end":{}}],"line":22},"3":{"loc":{"start":{"line":22,"column":8},"end":{"line":22,"column":58}},"type":"binary-expr","locations":[{"start":{"line":22,"column":8},"end":{"line":22,"column":31}},{"start":{"line":22,"column":35},"end":{"line":22,"column":58}}],"line":22},"4":{"loc":{"start":{"line":25,"column":6},"end":{"line":31,"column":7}},"type":"if","locations":[{"start":{"line":25,"column":6},"end":{"line":31,"column":7}},{"start":{},"end":{}}],"line":25},"5":{"loc":{"start":{"line":45,"column":2},"end":{"line":45,"column":37}},"type":"if","locations":[{"start":{"line":45,"column":2},"end":{"line":45,"column":37}},{"start":{},"end":{}}],"line":45},"6":{"loc":{"start":{"line":45,"column":6},"end":{"line":45,"column":26}},"type":"binary-expr","locations":[{"start":{"line":45,"column":6},"end":{"line":45,"column":15}},{"start":{"line":45,"column":19},"end":{"line":45,"column":26}}],"line":45},"7":{"loc":{"start":{"line":71,"column":2},"end":{"line":71,"column":32}},"type":"if","locations":[{"start":{"line":71,"column":2},"end":{"line":71,"column":32}},{"start":{},"end":{}}],"line":71},"8":{"loc":{"start":{"line":72,"column":2},"end":{"line":72,"column":33}},"type":"if","locations":[{"start":{"line":72,"column":2},"end":{"line":72,"column":33}},{"start":{},"end":{}}],"line":72},"9":{"loc":{"start":{"line":84,"column":2},"end":{"line":84,"column":34}},"type":"if","locations":[{"start":{"line":84,"column":2},"end":{"line":84,"column":34}},{"start":{},"end":{}}],"line":84},"10":{"loc":{"start":{"line":85,"column":2},"end":{"line":85,"column":58}},"type":"if","locations":[{"start":{"line":85,"column":2},"end":{"line":85,"column":58}},{"start":{},"end":{}}],"line":85}},"s":{"0":16,"1":16,"2":0,"3":0,"4":0,"5":0,"6":0,"7":0,"8":0,"9":0,"10":0,"11":0,"12":0,"13":0,"14":0,"15":21,"16":8,"17":13,"18":6,"19":6,"20":6,"21":13,"22":6,"23":13,"24":13,"25":3,"26":10,"27":4,"28":6,"29":13,"30":13,"31":3,"32":10,"33":5,"34":5},"f":{"0":16,"1":0,"2":21,"3":6,"4":13,"5":13},"b":{"0":[16,0],"1":[16,15],"2":[0,0],"3":[0,0],"4":[0,0],"5":[8,13],"6":[21,17],"7":[3,10],"8":[4,6],"9":[3,10],"10":[5,5]},"_coverageSchema":"1a1c01bbd47fc00a2c39e90264f33305004495a9","hash":"a786bfd69e9237b6bdb0b8efc9c57d193b79a1b4"}
,"/Users/pedrojuradopueyo/develop/react/matebil-tuner/src/utils/logger.js": {"path":"/Users/pedrojuradopueyo/develop/react/matebil-tuner/src/utils/logger.js","statementMap":{"0":{"start":{"line":14,"column":14},"end":{"line":14,"column":21}},"1":{"start":{"line":16,"column":22},"end":{"line":48,"column":1}},"2":{"start":{"line":21,"column":4},"end":{"line":23,"column":5}},"3":{"start":{"line":22,"column":6},"end":{"line":22,"column":27}},"4":{"start":{"line":30,"column":4},"end":{"line":30,"column":27}},"5":{"start":{"line":37,"column":4},"end":{"line":37,"column":26}},"6":{"start":{"line":44,"column":4},"end":{"line":46,"column":5}},"7":{"start":{"line":45,"column":6},"end":{"line":45,"column":28}}},"fnMap":{"0":{"name":"(anonymous_0)","decl":{"start":{"line":20,"column":7},"end":{"line":20,"column":8}},"loc":{"start":{"line":20,"column":20},"end":{"line":24,"column":3}},"line":20},"1":{"name":"(anonymous_1)","decl":{"start":{"line":29,"column":9},"end":{"line":29,"column":10}},"loc":{"start":{"line":29,"column":22},"end":{"line":31,"column":3}},"line":29},"2":{"name":"(anonymous_2)","decl":{"start":{"line":36,"column":8},"end":{"line":36,"column":9}},"loc":{"start":{"line":36,"column":21},"end":{"line":38,"column":3}},"line":36},"3":{"name":"(anonymous_3)","decl":{"start":{"line":43,"column":8},"end":{"line":43,"column":9}},"loc":{"start":{"line":43,"column":21},"end":{"line":47,"column":3}},"line":43}},"branchMap":{"0":{"loc":{"start":{"line":21,"column":4},"end":{"line":23,"column":5}},"type":"if","locations":[{"start":{"line":21,"column":4},"end":{"line":23,"column":5}},{"start":{},"end":{}}],"line":21},"1":{"loc":{"start":{"line":44,"column":4},"end":{"line":46,"column":5}},"type":"if","locations":[{"start":{"line":44,"column":4},"end":{"line":46,"column":5}},{"start":{},"end":{}}],"line":44}},"s":{"0":0,"1":0,"2":0,"3":0,"4":0,"5":0,"6":0,"7":0},"f":{"0":0,"1":0,"2":0,"3":0},"b":{"0":[0,0],"1":[0,0]}}
}
