TN:
SF:hooks/use-color-scheme.ts
FNF:0
FNH:0
LF:0
LH:0
BRF:0
BRH:0
end_of_record
TN:
SF:hooks/use-color-scheme.web.ts
FN:7,useColorScheme
FN:10,(anonymous_1)
FNF:2
FNH:0
FNDA:0,useColorScheme
FNDA:0,(anonymous_1)
DA:8,0
DA:10,0
DA:11,0
DA:14,0
DA:16,0
DA:17,0
DA:20,0
LF:7
LH:0
BRDA:16,0,0,0
BRDA:16,0,1,0
BRF:2
BRH:0
end_of_record
TN:
SF:src/components/FrequencyDetector.js
FN:55,refineFrequency
FN:83,FrequencyDetector
FN:90,(anonymous_2)
FN:91,(anonymous_3)
FN:92,(anonymous_4)
FN:121,(anonymous_5)
FN:125,(anonymous_6)
FN:129,(anonymous_7)
FN:133,(anonymous_8)
FN:137,(anonymous_9)
FN:142,(anonymous_10)
FN:151,(anonymous_11)
FN:158,(anonymous_12)
FN:175,(anonymous_13)
FN:237,(anonymous_14)
FN:275,(anonymous_15)
FN:439,(anonymous_16)
FN:471,(anonymous_17)
FN:480,(anonymous_18)
FN:591,(anonymous_19)
FN:604,(anonymous_20)
FN:630,(anonymous_21)
FN:634,(anonymous_22)
FN:641,(anonymous_23)
FN:668,(anonymous_24)
FN:676,(anonymous_25)
FN:681,(anonymous_26)
FNF:27
FNH:0
FNDA:0,refineFrequency
FNDA:0,FrequencyDetector
FNDA:0,(anonymous_2)
FNDA:0,(anonymous_3)
FNDA:0,(anonymous_4)
FNDA:0,(anonymous_5)
FNDA:0,(anonymous_6)
FNDA:0,(anonymous_7)
FNDA:0,(anonymous_8)
FNDA:0,(anonymous_9)
FNDA:0,(anonymous_10)
FNDA:0,(anonymous_11)
FNDA:0,(anonymous_12)
FNDA:0,(anonymous_13)
FNDA:0,(anonymous_14)
FNDA:0,(anonymous_15)
FNDA:0,(anonymous_16)
FNDA:0,(anonymous_17)
FNDA:0,(anonymous_18)
FNDA:0,(anonymous_19)
FNDA:0,(anonymous_20)
FNDA:0,(anonymous_21)
FNDA:0,(anonymous_22)
FNDA:0,(anonymous_23)
FNDA:0,(anonymous_24)
FNDA:0,(anonymous_25)
FNDA:0,(anonymous_26)
DA:20,0
DA:21,0
DA:22,0
DA:23,0
DA:24,0
DA:25,0
DA:26,0
DA:27,0
DA:28,0
DA:29,0
DA:30,0
DA:31,0
DA:37,0
DA:38,0
DA:39,0
DA:40,0
DA:41,0
DA:42,0
DA:43,0
DA:56,0
DA:57,0
DA:58,0
DA:59,0
DA:60,0
DA:61,0
DA:62,0
DA:64,0
DA:65,0
DA:66,0
DA:67,0
DA:68,0
DA:69,0
DA:70,0
DA:71,0
DA:72,0
DA:73,0
DA:75,0
DA:76,0
DA:77,0
DA:80,0
DA:96,0
DA:97,0
DA:98,0
DA:99,0
DA:100,0
DA:101,0
DA:102,0
DA:103,0
DA:104,0
DA:105,0
DA:106,0
DA:107,0
DA:108,0
DA:109,0
DA:110,0
DA:111,0
DA:114,0
DA:115,0
DA:116,0
DA:117,0
DA:118,0
DA:121,0
DA:122,0
DA:125,0
DA:126,0
DA:129,0
DA:130,0
DA:133,0
DA:134,0
DA:137,0
DA:138,0
DA:142,0
DA:143,0
DA:144,0
DA:151,0
DA:152,0
DA:155,0
DA:156,0
DA:158,0
DA:159,0
DA:161,0
DA:162,0
DA:163,0
DA:166,0
DA:173,0
DA:175,0
DA:177,0
DA:179,0
DA:180,0
DA:181,0
DA:182,0
DA:183,0
DA:184,0
DA:185,0
DA:186,0
DA:187,0
DA:188,0
DA:190,0
DA:191,0
DA:192,0
DA:193,0
DA:194,0
DA:196,0
DA:197,0
DA:198,0
DA:200,0
DA:201,0
DA:207,0
DA:208,0
DA:209,0
DA:210,0
DA:211,0
DA:218,0
DA:219,0
DA:220,0
DA:221,0
DA:225,0
DA:226,0
DA:228,0
DA:230,0
DA:231,0
DA:234,0
DA:236,0
DA:237,0
DA:238,0
DA:239,0
DA:240,0
DA:242,0
DA:243,0
DA:244,0
DA:246,0
DA:247,0
DA:248,0
DA:249,0
DA:250,0
DA:251,0
DA:252,0
DA:254,0
DA:255,0
DA:256,0
DA:257,0
DA:258,0
DA:260,0
DA:261,0
DA:262,0
DA:265,0
DA:270,0
DA:274,0
DA:275,0
DA:276,0
DA:278,0
DA:279,0
DA:280,0
DA:281,0
DA:283,0
DA:287,0
DA:288,0
DA:293,0
DA:297,0
DA:298,0
DA:299,0
DA:300,0
DA:302,0
DA:303,0
DA:304,0
DA:307,0
DA:308,0
DA:309,0
DA:310,0
DA:311,0
DA:312,0
DA:313,0
DA:314,0
DA:316,0
DA:323,0
DA:324,0
DA:327,0
DA:328,0
DA:330,0
DA:331,0
DA:332,0
DA:333,0
DA:334,0
DA:335,0
DA:336,0
DA:337,0
DA:339,0
DA:346,0
DA:347,0
DA:348,0
DA:349,0
DA:352,0
DA:354,0
DA:355,0
DA:356,0
DA:360,0
DA:361,0
DA:362,0
DA:363,0
DA:364,0
DA:365,0
DA:366,0
DA:367,0
DA:368,0
DA:369,0
DA:370,0
DA:371,0
DA:373,0
DA:374,0
DA:375,0
DA:376,0
DA:377,0
DA:378,0
DA:382,0
DA:383,0
DA:384,0
DA:385,0
DA:386,0
DA:387,0
DA:388,0
DA:389,0
DA:390,0
DA:391,0
DA:392,0
DA:394,0
DA:395,0
DA:396,0
DA:397,0
DA:398,0
DA:399,0
DA:403,0
DA:406,0
DA:411,0
DA:412,0
DA:415,0
DA:416,0
DA:417,0
DA:421,0
DA:422,0
DA:423,0
DA:427,0
DA:428,0
DA:429,0
DA:431,0
DA:432,0
DA:434,0
DA:437,0
DA:439,0
DA:440,0
DA:441,0
DA:445,0
DA:447,0
DA:448,0
DA:451,0
DA:452,0
DA:453,0
DA:454,0
DA:456,0
DA:457,0
DA:458,0
DA:459,0
DA:460,0
DA:461,0
DA:465,0
DA:466,0
DA:471,0
DA:473,0
DA:476,0
DA:478,0
DA:480,0
DA:481,0
DA:482,0
DA:483,0
DA:488,0
DA:490,0
DA:493,0
DA:496,0
DA:497,0
DA:498,0
DA:499,0
DA:501,0
DA:503,0
DA:506,0
DA:511,0
DA:512,0
DA:514,0
DA:516,0
DA:517,0
DA:518,0
DA:519,0
DA:520,0
DA:523,0
DA:524,0
DA:528,0
DA:529,0
DA:530,0
DA:531,0
DA:532,0
DA:536,0
DA:540,0
DA:541,0
DA:542,0
DA:546,0
DA:547,0
DA:549,0
DA:552,0
DA:553,0
DA:559,0
DA:560,0
DA:562,0
DA:563,0
DA:564,0
DA:565,0
DA:567,0
DA:568,0
DA:571,0
DA:575,0
DA:576,0
DA:577,0
DA:591,0
DA:592,0
DA:595,0
DA:599,0
DA:601,0
DA:602,0
DA:604,0
DA:605,0
DA:607,0
DA:608,0
DA:609,0
DA:610,0
DA:613,0
DA:614,0
DA:616,0
DA:617,0
DA:618,0
DA:626,0
DA:630,0
DA:631,0
DA:634,0
DA:636,0
DA:638,0
DA:639,0
DA:641,0
DA:642,0
DA:644,0
DA:645,0
DA:646,0
DA:647,0
DA:649,0
DA:650,0
DA:652,0
DA:653,0
DA:654,0
DA:662,0
DA:665,0
DA:668,0
DA:669,0
DA:670,0
DA:671,0
DA:673,0
DA:674,0
DA:675,0
DA:679,0
DA:683,0
DA:689,0
LF:366
LH:0
BRDA:66,0,0,0
BRDA:66,0,1,0
BRDA:66,1,0,0
BRDA:66,1,1,0
BRDA:75,2,0,0
BRDA:75,2,1,0
BRDA:86,3,0,0
BRDA:87,4,0,0
BRDA:88,5,0,0
BRDA:89,6,0,0
BRDA:90,7,0,0
BRDA:91,8,0,0
BRDA:92,9,0,0
BRDA:93,10,0,0
BRDA:94,11,0,0
BRDA:143,12,0,0
BRDA:143,12,1,0
BRDA:152,13,0,0
BRDA:152,13,1,0
BRDA:161,14,0,0
BRDA:161,14,1,0
BRDA:177,15,0,0
BRDA:177,15,1,0
BRDA:192,16,0,0
BRDA:192,16,1,0
BRDA:192,17,0,0
BRDA:192,17,1,0
BRDA:197,18,0,0
BRDA:197,18,1,0
BRDA:198,19,0,0
BRDA:198,19,1,0
BRDA:201,20,0,0
BRDA:201,20,1,0
BRDA:207,21,0,0
BRDA:207,21,1,0
BRDA:208,22,0,0
BRDA:208,22,1,0
BRDA:209,23,0,0
BRDA:209,23,1,0
BRDA:218,24,0,0
BRDA:218,24,1,0
BRDA:228,25,0,0
BRDA:228,25,1,0
BRDA:238,26,0,0
BRDA:238,26,1,0
BRDA:239,27,0,0
BRDA:239,27,1,0
BRDA:243,28,0,0
BRDA:243,28,1,0
BRDA:243,29,0,0
BRDA:243,29,1,0
BRDA:254,30,0,0
BRDA:254,30,1,0
BRDA:257,31,0,0
BRDA:257,31,1,0
BRDA:258,32,0,0
BRDA:258,32,1,0
BRDA:260,33,0,0
BRDA:260,33,1,0
BRDA:276,34,0,0
BRDA:276,34,1,0
BRDA:283,35,0,0
BRDA:283,35,1,0
BRDA:288,36,0,0
BRDA:288,36,1,0
BRDA:293,37,0,0
BRDA:293,37,1,0
BRDA:302,38,0,0
BRDA:302,38,1,0
BRDA:303,39,0,0
BRDA:303,39,1,0
BRDA:304,40,0,0
BRDA:304,40,1,0
BRDA:307,41,0,0
BRDA:307,41,1,0
BRDA:323,42,0,0
BRDA:323,42,1,0
BRDA:327,43,0,0
BRDA:327,43,1,0
BRDA:330,44,0,0
BRDA:330,44,1,0
BRDA:346,45,0,0
BRDA:346,45,1,0
BRDA:346,46,0,0
BRDA:346,46,1,0
BRDA:354,47,0,0
BRDA:354,47,1,0
BRDA:360,48,0,0
BRDA:360,48,1,0
BRDA:406,49,0,0
BRDA:406,49,1,0
BRDA:406,50,0,0
BRDA:406,50,1,0
BRDA:411,51,0,0
BRDA:411,51,1,0
BRDA:411,52,0,0
BRDA:411,52,1,0
BRDA:411,52,2,0
BRDA:416,53,0,0
BRDA:416,53,1,0
BRDA:416,54,0,0
BRDA:416,54,1,0
BRDA:416,54,2,0
BRDA:417,55,0,0
BRDA:417,55,1,0
BRDA:421,56,0,0
BRDA:421,56,1,0
BRDA:423,57,0,0
BRDA:423,57,1,0
BRDA:423,58,0,0
BRDA:423,58,1,0
BRDA:427,59,0,0
BRDA:427,59,1,0
BRDA:429,60,0,0
BRDA:429,60,1,0
BRDA:429,61,0,0
BRDA:429,61,1,0
BRDA:437,62,0,0
BRDA:437,62,1,0
BRDA:441,63,0,0
BRDA:441,63,1,0
BRDA:451,64,0,0
BRDA:451,64,1,0
BRDA:453,65,0,0
BRDA:453,65,1,0
BRDA:453,66,0,0
BRDA:453,66,1,0
BRDA:465,67,0,0
BRDA:465,67,1,0
BRDA:465,68,0,0
BRDA:465,68,1,0
BRDA:465,68,2,0
BRDA:478,69,0,0
BRDA:478,69,1,0
BRDA:478,70,0,0
BRDA:478,70,1,0
BRDA:481,71,0,0
BRDA:481,71,1,0
BRDA:488,72,0,0
BRDA:488,72,1,0
BRDA:488,73,0,0
BRDA:488,73,1,0
BRDA:496,74,0,0
BRDA:496,74,1,0
BRDA:506,75,0,0
BRDA:506,75,1,0
BRDA:507,76,0,0
BRDA:507,76,1,0
BRDA:507,76,2,0
BRDA:511,77,0,0
BRDA:511,77,1,0
BRDA:517,78,0,0
BRDA:517,78,1,0
BRDA:517,79,0,0
BRDA:517,79,1,0
BRDA:523,80,0,0
BRDA:523,80,1,0
BRDA:523,81,0,0
BRDA:523,81,1,0
BRDA:528,82,0,0
BRDA:528,82,1,0
BRDA:531,83,0,0
BRDA:531,83,1,0
BRDA:541,84,0,0
BRDA:541,84,1,0
BRDA:546,85,0,0
BRDA:546,85,1,0
BRDA:553,86,0,0
BRDA:553,86,1,0
BRDA:554,87,0,0
BRDA:554,87,1,0
BRDA:554,87,2,0
BRDA:554,87,3,0
BRDA:562,88,0,0
BRDA:562,88,1,0
BRDA:562,89,0,0
BRDA:562,89,1,0
BRDA:564,90,0,0
BRDA:564,90,1,0
BRDA:567,91,0,0
BRDA:567,91,1,0
BRDA:575,92,0,0
BRDA:575,92,1,0
BRDA:576,93,0,0
BRDA:576,93,1,0
BRDA:576,94,0,0
BRDA:576,94,1,0
BRDA:581,95,0,0
BRDA:581,95,1,0
BRDA:583,96,0,0
BRDA:583,96,1,0
BRDA:592,97,0,0
BRDA:592,97,1,0
BRDA:592,98,0,0
BRDA:592,98,1,0
BRDA:595,99,0,0
BRDA:595,99,1,0
BRDA:599,100,0,0
BRDA:599,100,1,0
BRDA:608,101,0,0
BRDA:608,101,1,0
BRDA:613,102,0,0
BRDA:613,102,1,0
BRDA:613,103,0,0
BRDA:613,103,1,0
BRDA:616,104,0,0
BRDA:616,104,1,0
BRDA:631,105,0,0
BRDA:631,105,1,0
BRDA:631,106,0,0
BRDA:631,106,1,0
BRDA:636,107,0,0
BRDA:636,107,1,0
BRDA:645,108,0,0
BRDA:645,108,1,0
BRDA:649,109,0,0
BRDA:649,109,1,0
BRDA:649,110,0,0
BRDA:649,110,1,0
BRDA:652,111,0,0
BRDA:652,111,1,0
BRDA:670,112,0,0
BRDA:670,112,1,0
BRDA:673,113,0,0
BRDA:673,113,1,0
BRF:225
BRH:0
end_of_record
TN:
SF:src/components/TuningBar.js
FN:28,TuningBar
FN:39,(anonymous_1)
FN:54,(anonymous_2)
FN:66,(anonymous_3)
FN:70,barColor
FN:89,(anonymous_5)
FN:111,(anonymous_6)
FNF:7
FNH:0
FNDA:0,TuningBar
FNDA:0,(anonymous_1)
FNDA:0,(anonymous_2)
FNDA:0,(anonymous_3)
FNDA:0,barColor
FNDA:0,(anonymous_5)
FNDA:0,(anonymous_6)
DA:12,0
DA:13,0
DA:14,0
DA:15,0
DA:16,0
DA:17,0
DA:18,0
DA:19,0
DA:20,0
DA:21,0
DA:22,0
DA:25,0
DA:26,0
DA:29,0
DA:30,0
DA:31,0
DA:32,0
DA:35,0
DA:36,0
DA:39,0
DA:40,0
DA:41,0
DA:42,0
DA:43,0
DA:44,0
DA:45,0
DA:47,0
DA:52,0
DA:54,0
DA:55,0
DA:56,0
DA:57,0
DA:58,0
DA:64,0
DA:66,0
DA:71,0
DA:72,0
DA:73,0
DA:74,0
DA:76,0
DA:77,0
DA:78,0
DA:79,0
DA:80,0
DA:89,0
DA:90,0
DA:91,0
DA:92,0
DA:93,0
DA:94,0
DA:95,0
DA:97,0
DA:98,0
DA:99,0
DA:102,0
DA:107,0
DA:112,0
DA:113,0
LF:58
LH:0
BRDA:28,0,0,0
BRDA:28,1,0,0
BRDA:28,2,0,0
BRDA:28,3,0,0
BRDA:35,4,0,0
BRDA:35,4,1,0
BRDA:36,5,0,0
BRDA:36,5,1,0
BRDA:40,6,0,0
BRDA:40,6,1,0
BRDA:43,7,0,0
BRDA:43,7,1,0
BRDA:52,8,0,0
BRDA:52,8,1,0
BRDA:52,8,2,0
BRDA:55,9,0,0
BRDA:55,9,1,0
BRDA:57,10,0,0
BRDA:57,10,1,0
BRDA:66,11,0,0
BRDA:66,11,1,0
BRDA:71,12,0,0
BRDA:71,12,1,0
BRDA:72,13,0,0
BRDA:72,13,1,0
BRDA:73,14,0,0
BRDA:73,14,1,0
BRDA:77,15,0,0
BRDA:77,15,1,0
BRDA:78,16,0,0
BRDA:78,16,1,0
BRDA:78,16,2,0
BRDA:79,17,0,0
BRDA:79,17,1,0
BRDA:80,18,0,0
BRDA:80,18,1,0
BRDA:94,19,0,0
BRDA:94,19,1,0
BRDA:102,20,0,0
BRDA:102,20,1,0
BRDA:102,21,0,0
BRDA:102,21,1,0
BRDA:102,21,2,0
BRDA:103,22,0,0
BRDA:103,22,1,0
BRDA:124,23,0,0
BRDA:124,23,1,0
BRDA:124,24,0,0
BRDA:124,24,1,0
BRDA:124,24,2,0
BRDA:125,25,0,0
BRDA:125,25,1,0
BRDA:125,26,0,0
BRDA:125,26,1,0
BRDA:125,26,2,0
BRDA:152,27,0,0
BRDA:152,27,1,0
BRDA:152,28,0,0
BRDA:152,28,1,0
BRDA:152,28,2,0
BRDA:156,29,0,0
BRDA:156,29,1,0
BRF:62
BRH:0
end_of_record
TN:
SF:src/constants/scales.js
FN:16,noteDisplay
FN:24,getParentRootIdx
FN:32,getRootNoteDisplay
FN:121,getScaleNotes
FN:124,(anonymous_4)
FN:131,getScaleNoteNames
FN:133,(anonymous_6)
FN:165,getThreeNotesPerString
FN:169,(anonymous_8)
FN:231,getDiatonicChords
FN:238,(anonymous_10)
FN:283,getPentatonicNoteNames
FN:285,(anonymous_12)
FN:294,getPentatonicPattern
FN:296,(anonymous_14)
FNF:15
FNH:0
FNDA:0,noteDisplay
FNDA:0,getParentRootIdx
FNDA:0,getRootNoteDisplay
FNDA:0,getScaleNotes
FNDA:0,(anonymous_4)
FNDA:0,getScaleNoteNames
FNDA:0,(anonymous_6)
FNDA:0,getThreeNotesPerString
FNDA:0,(anonymous_8)
FNDA:0,getDiatonicChords
FNDA:0,(anonymous_10)
FNDA:0,getPentatonicNoteNames
FNDA:0,(anonymous_12)
FNDA:0,getPentatonicPattern
FNDA:0,(anonymous_14)
DA:6,0
DA:9,0
DA:10,0
DA:13,0
DA:17,0
DA:25,0
DA:26,0
DA:33,0
DA:34,0
DA:35,0
DA:39,0
DA:43,0
DA:45,0
DA:112,0
DA:115,0
DA:122,0
DA:123,0
DA:124,0
DA:132,0
DA:133,0
DA:155,0
DA:166,0
DA:167,0
DA:168,0
DA:169,0
DA:175,0
DA:176,0
DA:177,0
DA:178,0
DA:179,0
DA:180,0
DA:184,0
DA:186,0
DA:188,0
DA:189,0
DA:190,0
DA:193,0
DA:195,0
DA:196,0
DA:197,0
DA:198,0
DA:199,0
DA:206,0
DA:208,0
DA:211,0
DA:217,0
DA:222,0
DA:232,0
DA:233,0
DA:234,0
DA:235,0
DA:236,0
DA:238,0
DA:239,0
DA:240,0
DA:242,0
DA:243,0
DA:246,0
DA:247,0
DA:248,0
DA:249,0
DA:250,0
DA:251,0
DA:253,0
DA:256,0
DA:260,0
DA:261,0
DA:263,0
DA:284,0
DA:285,0
DA:295,0
DA:296,0
DA:298,0
DA:299,0
DA:300,0
DA:301,0
DA:302,0
DA:306,0
DA:307,0
DA:309,0
DA:310,0
DA:311,0
DA:312,0
DA:314,0
DA:315,0
DA:316,0
DA:317,0
DA:318,0
DA:325,0
DA:327,0
DA:330,0
DA:336,0
LF:92
LH:0
BRDA:17,0,0,0
BRDA:17,0,1,0
BRDA:178,1,0,0
BRDA:178,1,1,0
BRDA:196,2,0,0
BRDA:196,2,1,0
BRDA:198,3,0,0
BRDA:198,3,1,0
BRDA:246,4,0,0
BRDA:246,4,1,0
BRDA:246,5,0,0
BRDA:246,5,1,0
BRDA:248,6,0,0
BRDA:248,6,1,0
BRDA:248,7,0,0
BRDA:248,7,1,0
BRDA:250,8,0,0
BRDA:250,8,1,0
BRDA:250,9,0,0
BRDA:250,9,1,0
BRDA:256,10,0,0
BRDA:256,10,1,0
BRDA:256,11,0,0
BRDA:256,11,1,0
BRDA:257,12,0,0
BRDA:257,12,1,0
BRDA:258,13,0,0
BRDA:258,13,1,0
BRDA:261,14,0,0
BRDA:261,14,1,0
BRDA:300,15,0,0
BRDA:300,15,1,0
BRDA:315,16,0,0
BRDA:315,16,1,0
BRDA:317,17,0,0
BRDA:317,17,1,0
BRF:36
BRH:0
end_of_record
TN:
SF:src/constants/tunings.js
FN:10,generateFretPositions
FN:41,generateTuning
FN:44,(anonymous_2)
FNF:3
FNH:0
FNDA:0,generateFretPositions
FNDA:0,generateTuning
FNDA:0,(anonymous_2)
DA:2,0
DA:11,0
DA:12,0
DA:14,0
DA:15,0
DA:18,0
DA:19,0
DA:21,0
DA:32,0
DA:42,0
DA:44,0
DA:45,0
DA:46,0
DA:49,0
DA:58,0
DA:67,0
DA:76,0
DA:85,0
DA:94,0
DA:102,0
LF:20
LH:0
BRDA:10,0,0,0
BRDA:23,1,0,0
BRDA:23,1,1,0
BRDA:28,2,0,0
BRDA:28,2,1,0
BRF:5
BRH:0
end_of_record
TN:
SF:src/utils/audioUtils.js
FN:7,findClosestString
FN:14,(anonymous_1)
FN:44,calculateCents
FN:56,int16ToFloat32
FN:69,getStatusColor
FN:81,getStatusText
FNF:6
FNH:5
FNDA:16,findClosestString
FNDA:0,(anonymous_1)
FNDA:21,calculateCents
FNDA:6,int16ToFloat32
FNDA:13,getStatusColor
FNDA:13,getStatusText
DA:8,16
DA:10,0
DA:11,0
DA:14,0
DA:16,0
DA:17,0
DA:18,0
DA:19,0
DA:22,0
DA:23,0
DA:25,0
DA:26,0
DA:27,0
DA:35,0
DA:45,21
DA:48,13
DA:57,6
DA:58,6
DA:59,13
DA:61,6
DA:70,13
DA:71,13
DA:72,10
DA:73,6
DA:82,13
DA:84,13
DA:85,10
DA:86,5
LF:28
LH:15
BRDA:8,0,0,16
BRDA:8,0,1,0
BRDA:8,1,0,16
BRDA:8,1,1,15
BRDA:22,2,0,0
BRDA:22,2,1,0
BRDA:22,3,0,0
BRDA:22,3,1,0
BRDA:25,4,0,0
BRDA:25,4,1,0
BRDA:45,5,0,8
BRDA:45,5,1,13
BRDA:45,6,0,21
BRDA:45,6,1,17
BRDA:71,7,0,3
BRDA:71,7,1,10
BRDA:72,8,0,4
BRDA:72,8,1,6
BRDA:84,9,0,3
BRDA:84,9,1,10
BRDA:85,10,0,5
BRDA:85,10,1,5
BRF:22
BRH:15
end_of_record
TN:
SF:src/utils/logger.js
FN:20,(anonymous_0)
FN:29,(anonymous_1)
FN:36,(anonymous_2)
FN:43,(anonymous_3)
FNF:4
FNH:0
FNDA:0,(anonymous_0)
FNDA:0,(anonymous_1)
FNDA:0,(anonymous_2)
FNDA:0,(anonymous_3)
DA:14,0
DA:16,0
DA:21,0
DA:22,0
DA:30,0
DA:37,0
DA:44,0
DA:45,0
LF:8
LH:0
BRDA:21,0,0,0
BRDA:21,0,1,0
BRDA:44,1,0,0
BRDA:44,1,1,0
BRF:4
BRH:0
end_of_record
